#
# A fatal error has been detected by the Java Runtime Environment:
#
#  SIGSEGV (0xb) at pc=0x00000001040c8401, pid=984, tid=9731
#
# JRE version: Java(TM) SE Runtime Environment (8.0_91-b14) (build 1.8.0_91-b14)
# Java VM: Java HotSpot(TM) 64-Bit Server VM (25.91-b14 mixed mode bsd-amd64 compressed oops)
# Problematic frame:
# V  [libjvm.dylib+0x1a9401]
#
# Failed to write core dump. Core dumps have been disabled. To enable core dumping, try "ulimit -c unlimited" before starting Java again
#
# If you would like to submit a bug report, please visit:
#   http://bugreport.java.com/bugreport/crash.jsp
#

---------------  T H R E A D  ---------------

Current thread (0x00007f87dc006800):  GCTaskThread [stack: 0x0000700000423000,0x0000700000523000] [id=9731]

siginfo: si_signo: 11 (SIGSEGV), si_code: 1 (SEGV_MAPERR), si_addr: 0x0000000000000010

Registers:
RAX=0x0000000104752930, RBX=0x0000000000000000, RCX=0x0000000000000003, RDX=0x0000000000000001
RSP=0x0000700000522c70, RBP=0x0000700000522c70, RSI=0x00000007ab816620, RDI=0x0000000000000008
R8 =0x0000000104806270, R9 =0x000000078040df08, R10=0x000000078040ff08, R11=0xffffffffd4ae9701
R12=0x00000001047fbb96, R13=0x000000078040e61d, R14=0x00007f87db82e580, R15=0x00007f87db82e618
RIP=0x00000001040c8401, EFLAGS=0x0000000000010202, ERR=0x0000000000000004
  TRAPNO=0x000000000000000e

Top of Stack: (sp=0x0000700000522c70)
0x0000700000522c70:   0000700000522ce0 00000001043e0b71
0x0000700000522c80:   000000078032464c 00000007ab816620
0x0000700000522c90:   0000000780324650 00000007c005a410
0x0000700000522ca0:   000000078040df08 0000000000000400
0x0000700000522cb0:   0000000780408069 000000078040e61d
0x0000700000522cc0:   00000001047fbb96 000000078040e61d
0x0000700000522cd0:   000000078040e61c 00007f87db82e618
0x0000700000522ce0:   0000700000522d00 00000001043e1087
0x0000700000522cf0:   00007f87db82e580 00007f87db82e5e0
0x0000700000522d00:   0000700000522d60 00000001043e001a
0x0000700000522d10:   0000700000522d78 0100000780194aad
0x0000700000522d20:   000000078040e61d 0000700000522d78
0x0000700000522d30:   0000017400000082 0000000000000002
0x0000700000522d40:   0000700000522d84 0000700000522d78
0x0000700000522d50:   00007f87db1a17f0 00007f87db82e580
0x0000700000522d60:   0000700000522db0 00000001043e3d27
0x0000700000522d70:   0000000000000002 0000000780194aad
0x0000700000522d80:   3cb1575800522db0 00007f87dc006800
0x0000700000522d90:   0000000000000000 000000010452b275
0x0000700000522da0:   00007f87db1a17f0 0000000000000001
0x0000700000522db0:   0000700000522e90 00000001041946cf
0x0000700000522dc0:   0000700000522df0 00007f87daf05ed0
0x0000700000522dd0:   00007f87daf05f00 00007f87daf05f10
0x0000700000522de0:   00007f87daf062e8 00000000000003d8
0x0000700000522df0:   00007f87dc006800 00007f87daf062f0
0x0000700000522e00:   00007f87daf06330 00007f87daf06340
0x0000700000522e10:   00007f87daf06418 00000000000000d8
0x0000700000522e20:   0000700000522e30 0000000000000000
0x0000700000522e30:   00007f87dc006800 00007f87daf062f0
0x0000700000522e40:   00007f87daf06330 00007f87daf06340
0x0000700000522e50:   00007f87daf06418 00000000000000d8
0x0000700000522e60:   00007f87daf06530 00007f87dc006800 

Instructions: (pc=0x00000001040c8401)
0x00000001040c83e1:   84 d2 48 89 fe 74 15 48 8d 05 41 a5 68 00 8a 48
0x00000001040c83f1:   08 8b 7e 08 48 d3 e7 48 03 38 eb 04 48 8b 7e 08
0x00000001040c8401:   8b 47 08 85 c0 7e 09 a8 01 75 4e c1 f8 03 eb 47
0x00000001040c8411:   85 c0 7f 43 85 c0 79 41 84 d2 0f 94 c1 0f b6 c9 

Register to memory mapping:

RAX=0x0000000104752930: _ZN8Universe13_narrow_klassE+0 in /Library/Java/JavaVirtualMachines/jdk1.8.0_91.jdk/Contents/Home/jre/lib/server/libjvm.dylib at 0x0000000103f1f000
RBX=0x0000000000000000 is an unknown value
RCX=0x0000000000000003 is an unknown value
RDX=0x0000000000000001 is an unknown value
RSP=0x0000700000522c70 is an unknown value
RBP=0x0000700000522c70 is an unknown value
RSI=0x00000007ab816620 is an unknown value
RDI=0x0000000000000008 is an unknown value
R8 =0x0000000104806270: _ZN10PSScavenge26_young_generation_boundaryE+0 in /Library/Java/JavaVirtualMachines/jdk1.8.0_91.jdk/Contents/Home/jre/lib/server/libjvm.dylib at 0x0000000103f1f000
R9 =0x000000078040df08 is an oop
com.android.dx.dex.code.CodeAddress 
 - klass: 'com/android/dx/dex/code/CodeAddress'
R10=0x000000078040ff08 is an oop
[Lcom.android.dx.dex.code.CodeAddress; 
 - klass: 'com/android/dx/dex/code/CodeAddress'[]
 - length: 188
R11=0xffffffffd4ae9701 is an unknown value
R12=0x00000001047fbb96: AssumeMP+0 in /Library/Java/JavaVirtualMachines/jdk1.8.0_91.jdk/Contents/Home/jre/lib/server/libjvm.dylib at 0x0000000103f1f000
R13=0x000000078040e61d is pointing into object: 0x000000078040e5f0
[Lcom.android.dx.rop.code.RegisterSpec; 
 - klass: 'com/android/dx/rop/code/RegisterSpec'[]
 - length: 9
R14=0x00007f87db82e580 is an unknown value
R15=0x00007f87db82e618 is an unknown value


Stack: [0x0000700000423000,0x0000700000523000],  sp=0x0000700000522c70,  free space=1023k
Native frames: (J=compiled Java code, j=interpreted, Vv=VM code, C=native code)
V  [libjvm.dylib+0x1a9401]
V  [libjvm.dylib+0x4c1b71]
V  [libjvm.dylib+0x4c2087]
V  [libjvm.dylib+0x4c101a]
V  [libjvm.dylib+0x4c4d27]
V  [libjvm.dylib+0x2756cf]
V  [libjvm.dylib+0x484f82]
C  [libsystem_pthread.dylib+0x399d]  _pthread_body+0x83
C  [libsystem_pthread.dylib+0x391a]  _pthread_body+0x0
C  [libsystem_pthread.dylib+0x1351]  thread_start+0xd


---------------  P R O C E S S  ---------------

Java Threads: ( => current thread )
  0x00007f87dc0c5000 JavaThread "pool-2-thread-4" [_thread_blocked, id=21763, stack(0x0000700001456000,0x0000700001556000)]
  0x00007f87dc052800 JavaThread "pool-2-thread-3" [_thread_blocked, id=21251, stack(0x0000700001353000,0x0000700001453000)]
  0x00007f87db0cd000 JavaThread "pool-2-thread-2" [_thread_blocked, id=20739, stack(0x0000700001250000,0x0000700001350000)]
  0x00007f87dc883000 JavaThread "pool-3-thread-1" [_thread_blocked, id=20227, stack(0x000070000114d000,0x000070000124d000)]
  0x00007f87dc0f5000 JavaThread "pool-2-thread-1" [_thread_blocked, id=19715, stack(0x000070000104a000,0x000070000114a000)]
  0x00007f87db01e800 JavaThread "Service Thread" daemon [_thread_blocked, id=18691, stack(0x0000700000e44000,0x0000700000f44000)]
  0x00007f87dc052000 JavaThread "C1 CompilerThread2" daemon [_thread_blocked, id=18179, stack(0x0000700000d41000,0x0000700000e41000)]
  0x00007f87dc86e800 JavaThread "C2 CompilerThread1" daemon [_thread_blocked, id=17667, stack(0x0000700000c3e000,0x0000700000d3e000)]
  0x00007f87dc808800 JavaThread "C2 CompilerThread0" daemon [_thread_blocked, id=17155, stack(0x0000700000b3b000,0x0000700000c3b000)]
  0x00007f87db022800 JavaThread "Signal Dispatcher" daemon [_thread_blocked, id=13071, stack(0x0000700000a38000,0x0000700000b38000)]
  0x00007f87dc805000 JavaThread "Finalizer" daemon [_thread_blocked, id=11779, stack(0x000070000082f000,0x000070000092f000)]
  0x00007f87dc804000 JavaThread "Reference Handler" daemon [_thread_blocked, id=11267, stack(0x000070000072c000,0x000070000082c000)]
  0x00007f87db00c000 JavaThread "main" [_thread_blocked, id=4099, stack(0x0000700000084000,0x0000700000184000)]

Other Threads:
  0x00007f87db82f000 VMThread [stack: 0x0000700000629000,0x0000700000729000] [id=10755]
  0x00007f87dc80b800 WatcherThread [stack: 0x0000700000f47000,0x0000700001047000] [id=19203]

=>0x00007f87dc006800 (exited) GCTaskThread [stack: 0x0000700000423000,0x0000700000523000] [id=9731]

VM state:at safepoint (normal execution)

VM Mutex/Monitor currently owned by a thread:  ([mutex/lock_event])
[0x00007f87dad03360] Threads_lock - owner thread: 0x00007f87db82f000
[0x00007f87dad03860] Heap_lock - owner thread: 0x00007f87dc0c5000

Heap:
 PSYoungGen      total 38400K, used 38379K [0x00000007aab00000, 0x00000007ad580000, 0x00000007c0000000)
  eden space 33280K, 100% used [0x00000007aab00000,0x00000007acb80000,0x00000007acb80000)
  from space 5120K, 99% used [0x00000007acb80000,0x00000007ad07ad90,0x00000007ad080000)
  to   space 5120K, 99% used [0x00000007ad080000,0x00000007ad57f1a0,0x00000007ad580000)
 ParOldGen       total 87552K, used 5407K [0x0000000780000000, 0x0000000785580000, 0x00000007aab00000)
  object space 87552K, 6% used [0x0000000780000000,0x0000000780547e38,0x0000000785580000)
 Metaspace       used 5923K, capacity 6896K, committed 7040K, reserved 1056768K
  class space    used 596K, capacity 616K, committed 640K, reserved 1048576K

Card table byte_map: [0x0000000114c00000,0x0000000114e01000] byte_map_base: 0x0000000111000000

Marking Bits: (ParMarkBitMap*) 0x0000000104805eb0
 Begin Bits: [0x0000000114f57000, 0x0000000115f57000)
 End Bits:   [0x0000000115f57000, 0x0000000116f57000)

Polling page: 0x0000000104ef6000

CodeCache: size=245760Kb used=3962Kb max_used=3976Kb free=241797Kb
 bounds [0x0000000104f09000, 0x00000001052f9000, 0x0000000113f09000]
 total_blobs=1336 nmethods=1068 adapters=182
 compilation: enabled

Compilation events (10 events):
Event: 4.989 Thread 0x00007f87dc86e800 nmethod 1394 0x00000001052de750 code [0x00000001052de8a0, 0x00000001052dea78]
Event: 4.989 Thread 0x00007f87dc86e800 1395       4       java.util.ArrayList::<init> (67 bytes)
Event: 4.993 Thread 0x00007f87dc86e800 nmethod 1395 0x00000001052de0d0 code [0x00000001052de240, 0x00000001052de518]
Event: 4.993 Thread 0x00007f87dc86e800 1339   !   4       com.android.dx.ssa.BasicRegisterMapper::map (44 bytes)
Event: 5.032 Thread 0x00007f87dc052000 nmethod 1448% 0x00000001052e5c10 code [0x00000001052e6220, 0x00000001052ea718]
Event: 5.032 Thread 0x00007f87dc052000 1477       3       com.android.dx.rop.code.RopMethod::calcPredecessors (227 bytes)
Event: 5.111 Thread 0x00007f87dc86e800 nmethod 1339 0x00000001052e4250 code [0x00000001052e43c0, 0x00000001052e4528]
Event: 5.111 Thread 0x00007f87dc86e800 1468 %     4       java.util.BitSet::cardinality @ 4 (32 bytes)
Event: 5.112 Thread 0x00007f87dc808800 nmethod 1336 0x00000001052ee1d0 code [0x00000001052ee3a0, 0x00000001052eee18]
Event: 5.112 Thread 0x00007f87dc808800 1490 %     4       com.android.dx.rop.code.InsnList::forEach @ 7 (28 bytes)

GC Heap History (3 events):
Event: 3.436 GC heap before
{Heap before GC invocations=1 (full 0):
 PSYoungGen      total 38400K, used 33280K [0x00000007aab00000, 0x00000007ad580000, 0x00000007c0000000)
  eden space 33280K, 100% used [0x00000007aab00000,0x00000007acb80000,0x00000007acb80000)
  from space 5120K, 0% used [0x00000007ad080000,0x00000007ad080000,0x00000007ad580000)
  to   space 5120K, 0% used [0x00000007acb80000,0x00000007acb80000,0x00000007ad080000)
 ParOldGen       total 87552K, used 0K [0x0000000780000000, 0x0000000785580000, 0x00000007aab00000)
  object space 87552K, 0% used [0x0000000780000000,0x0000000780000000,0x0000000785580000)
 Metaspace       used 5772K, capacity 6704K, committed 6784K, reserved 1056768K
  class space    used 594K, capacity 616K, committed 640K, reserved 1048576K
Event: 3.457 GC heap after
Heap after GC invocations=1 (full 0):
 PSYoungGen      total 38400K, used 5099K [0x00000007aab00000, 0x00000007ad580000, 0x00000007c0000000)
  eden space 33280K, 0% used [0x00000007aab00000,0x00000007aab00000,0x00000007acb80000)
  from space 5120K, 99% used [0x00000007acb80000,0x00000007ad07ad90,0x00000007ad080000)
  to   space 5120K, 0% used [0x00000007ad080000,0x00000007ad080000,0x00000007ad580000)
 ParOldGen       total 87552K, used 1371K [0x0000000780000000, 0x0000000785580000, 0x00000007aab00000)
  object space 87552K, 1% used [0x0000000780000000,0x0000000780156d08,0x0000000785580000)
 Metaspace       used 5772K, capacity 6704K, committed 6784K, reserved 1056768K
  class space    used 594K, capacity 616K, committed 640K, reserved 1048576K
}
Event: 5.122 GC heap before
{Heap before GC invocations=2 (full 0):
 PSYoungGen      total 38400K, used 38379K [0x00000007aab00000, 0x00000007ad580000, 0x00000007c0000000)
  eden space 33280K, 100% used [0x00000007aab00000,0x00000007acb80000,0x00000007acb80000)
  from space 5120K, 99% used [0x00000007acb80000,0x00000007ad07ad90,0x00000007ad080000)
  to   space 5120K, 0% used [0x00000007ad080000,0x00000007ad080000,0x00000007ad580000)
 ParOldGen       total 87552K, used 1371K [0x0000000780000000, 0x0000000785580000, 0x00000007aab00000)
  object space 87552K, 1% used [0x0000000780000000,0x0000000780156d08,0x0000000785580000)
 Metaspace       used 5923K, capacity 6896K, committed 7040K, reserved 1056768K
  class space    used 596K, capacity 616K, committed 640K, reserved 1048576K

Deoptimization events (10 events):
Event: 1.709 Thread 0x00007f87db00c000 Uncommon trap: reason=class_check action=maybe_recompile pc=0x00000001050d9fb0 method=java.util.HashMap.getNode(ILjava/lang/Object;)Ljava/util/HashMap$Node; @ 126
Event: 1.997 Thread 0x00007f87dc0c5000 Uncommon trap: reason=class_check action=maybe_recompile pc=0x00000001050d9fb0 method=java.util.HashMap.getNode(ILjava/lang/Object;)Ljava/util/HashMap$Node; @ 126
Event: 1.998 Thread 0x00007f87dc0c5000 Uncommon trap: reason=class_check action=maybe_recompile pc=0x00000001050d9fb0 method=java.util.HashMap.getNode(ILjava/lang/Object;)Ljava/util/HashMap$Node; @ 126
Event: 2.094 Thread 0x00007f87db0cd000 Uncommon trap: reason=unstable_if action=reinterpret pc=0x000000010511a4e8 method=java.util.HashMap.getNode(ILjava/lang/Object;)Ljava/util/HashMap$Node; @ 62
Event: 2.560 Thread 0x00007f87dc0f5000 Uncommon trap: reason=unstable_if action=reinterpret pc=0x0000000105146680 method=java.util.BitSet.ensureCapacity(I)V @ 6
Event: 2.953 Thread 0x00007f87dc052800 Uncommon trap: reason=unstable_if action=reinterpret pc=0x000000010510f594 method=java.util.HashMap.getNode(ILjava/lang/Object;)Ljava/util/HashMap$Node; @ 62
Event: 2.953 Thread 0x00007f87dc052800 Uncommon trap: reason=bimorphic action=maybe_recompile pc=0x0000000105150948 method=java.util.HashMap.getNode(ILjava/lang/Object;)Ljava/util/HashMap$Node; @ 126
Event: 3.067 Thread 0x00007f87db00c000 Uncommon trap: reason=bimorphic action=maybe_recompile pc=0x0000000105150948 method=java.util.HashMap.getNode(ILjava/lang/Object;)Ljava/util/HashMap$Node; @ 126
Event: 3.155 Thread 0x00007f87dc052800 Uncommon trap: reason=bimorphic action=maybe_recompile pc=0x0000000105150948 method=java.util.HashMap.getNode(ILjava/lang/Object;)Ljava/util/HashMap$Node; @ 126
Event: 3.155 Thread 0x00007f87dc052800 Uncommon trap: reason=bimorphic action=maybe_recompile pc=0x0000000105150948 method=java.util.HashMap.getNode(ILjava/lang/Object;)Ljava/util/HashMap$Node; @ 126

Internal exceptions (10 events):
Event: 0.636 Thread 0x00007f87db00c000 Exception <a 'java/security/PrivilegedActionException'> (0x00000007aaba5778) thrown at [/Users/java_re/workspace/8-2-build-macosx-x86_64/jdk8u91/6644/hotspot/src/share/vm/prims/jvm.cpp, line 1386]
Event: 0.637 Thread 0x00007f87db00c000 Exception <a 'java/util/zip/ZipException'> (0x00000007aaba64f8) thrown at [/Users/java_re/workspace/8-2-build-macosx-x86_64/jdk8u91/6644/hotspot/src/share/vm/prims/jni.cpp, line 709]
Event: 0.637 Thread 0x00007f87db00c000 Exception <a 'java/security/PrivilegedActionException'> (0x00000007aac4cdc8) thrown at [/Users/java_re/workspace/8-2-build-macosx-x86_64/jdk8u91/6644/hotspot/src/share/vm/prims/jvm.cpp, line 1386]
Event: 0.638 Thread 0x00007f87db00c000 Exception <a 'java/security/PrivilegedActionException'> (0x00000007aac4cfd8) thrown at [/Users/java_re/workspace/8-2-build-macosx-x86_64/jdk8u91/6644/hotspot/src/share/vm/prims/jvm.cpp, line 1386]
Event: 0.639 Thread 0x00007f87db00c000 Exception <a 'java/util/zip/ZipException'> (0x00000007aac4dd58) thrown at [/Users/java_re/workspace/8-2-build-macosx-x86_64/jdk8u91/6644/hotspot/src/share/vm/prims/jni.cpp, line 709]
Event: 0.639 Thread 0x00007f87db00c000 Exception <a 'java/security/PrivilegedActionException'> (0x00000007aac4df60) thrown at [/Users/java_re/workspace/8-2-build-macosx-x86_64/jdk8u91/6644/hotspot/src/share/vm/prims/jvm.cpp, line 1386]
Event: 0.639 Thread 0x00007f87db00c000 Exception <a 'java/security/PrivilegedActionException'> (0x00000007aac4e170) thrown at [/Users/java_re/workspace/8-2-build-macosx-x86_64/jdk8u91/6644/hotspot/src/share/vm/prims/jvm.cpp, line 1386]
Event: 0.642 Thread 0x00007f87db00c000 Exception <a 'java/util/zip/ZipException'> (0x00000007aac5fb78) thrown at [/Users/java_re/workspace/8-2-build-macosx-x86_64/jdk8u91/6644/hotspot/src/share/vm/prims/jni.cpp, line 709]
Event: 0.642 Thread 0x00007f87db00c000 Exception <a 'java/security/PrivilegedActionException'> (0x00000007aac5fd80) thrown at [/Users/java_re/workspace/8-2-build-macosx-x86_64/jdk8u91/6644/hotspot/src/share/vm/prims/jvm.cpp, line 1386]
Event: 0.642 Thread 0x00007f87db00c000 Exception <a 'java/security/PrivilegedActionException'> (0x00000007aac5ff90) thrown at [/Users/java_re/workspace/8-2-build-macosx-x86_64/jdk8u91/6644/hotspot/src/share/vm/prims/jvm.cpp, line 1386]

Events (10 events):
Event: 4.497 loading class com/android/dx/dex/file/UniformListItem done
Event: 4.498 loading class com/android/dx/dex/file/AnnotationSetRefItem
Event: 4.498 loading class com/android/dx/dex/file/AnnotationSetRefItem done
Event: 4.574 Executing VM operation: EnableBiasedLocking
Event: 4.605 Executing VM operation: EnableBiasedLocking done
Event: 5.009 Thread 0x00007f87dc0c5000 DEOPT PACKING pc=0x00000001052466b3 sp=0x0000700001554e50
Event: 5.009 Thread 0x00007f87dc0c5000 DEOPT UNPACKING pc=0x0000000104f50633 sp=0x0000700001554c08 mode 0
Event: 5.119 Thread 0x00007f87dc0c5000 DEOPT PACKING pc=0x00000001052466b3 sp=0x0000700001554e50
Event: 5.119 Thread 0x00007f87dc0c5000 DEOPT UNPACKING pc=0x0000000104f50633 sp=0x0000700001554c08 mode 0
Event: 5.122 Executing VM operation: ParallelGCFailedAllocation


Dynamic libraries:
0x000000000a49f000 	/System/Library/Frameworks/Cocoa.framework/Versions/A/Cocoa
0x000000000a49f000 	/System/Library/Frameworks/Security.framework/Versions/A/Security
0x000000000a49f000 	/System/Library/Frameworks/ApplicationServices.framework/Versions/A/ApplicationServices
0x000000000a49f000 	/usr/lib/libz.1.dylib
0x000000000a49f000 	/usr/lib/libSystem.B.dylib
0x000000000a49f000 	/usr/lib/libobjc.A.dylib
0x000000000a49f000 	/System/Library/Frameworks/CoreFoundation.framework/Versions/A/CoreFoundation
0x000000000a49f000 	/System/Library/Frameworks/Foundation.framework/Versions/C/Foundation
0x000000000a49f000 	/System/Library/Frameworks/AppKit.framework/Versions/C/AppKit
0x000000000a49f000 	/System/Library/Frameworks/CoreData.framework/Versions/A/CoreData
0x000000000a49f000 	/System/Library/PrivateFrameworks/RemoteViewServices.framework/Versions/A/RemoteViewServices
0x000000000a49f000 	/System/Library/PrivateFrameworks/UIFoundation.framework/Versions/A/UIFoundation
0x000000000a49f000 	/usr/lib/libScreenReader.dylib
0x000000000a49f000 	/System/Library/Frameworks/Accelerate.framework/Versions/A/Accelerate
0x000000000a49f000 	/System/Library/Frameworks/IOSurface.framework/Versions/A/IOSurface
0x000000000a49f000 	/System/Library/Frameworks/AudioToolbox.framework/Versions/A/AudioToolbox
0x000000000a49f000 	/System/Library/Frameworks/AudioUnit.framework/Versions/A/AudioUnit
0x000000000a49f000 	/System/Library/PrivateFrameworks/DataDetectorsCore.framework/Versions/A/DataDetectorsCore
0x000000000a49f000 	/System/Library/PrivateFrameworks/DesktopServicesPriv.framework/Versions/A/DesktopServicesPriv
0x000000000a49f000 	/System/Library/Frameworks/Carbon.framework/Versions/A/Frameworks/HIToolbox.framework/Versions/A/HIToolbox
0x000000000a49f000 	/System/Library/Frameworks/QuartzCore.framework/Versions/A/QuartzCore
0x000000000a49f000 	/System/Library/Frameworks/Carbon.framework/Versions/A/Frameworks/SpeechRecognition.framework/Versions/A/SpeechRecognition
0x000000000a49f000 	/usr/lib/libauto.dylib
0x000000000a49f000 	/usr/lib/libicucore.A.dylib
0x000000000a49f000 	/usr/lib/libxml2.2.dylib
0x000000000a49f000 	/System/Library/PrivateFrameworks/CoreUI.framework/Versions/A/CoreUI
0x000000000a49f000 	/System/Library/Frameworks/CoreAudio.framework/Versions/A/CoreAudio
0x000000000a49f000 	/System/Library/Frameworks/DiskArbitration.framework/Versions/A/DiskArbitration
0x000000000a49f000 	/usr/lib/liblangid.dylib
0x000000000a49f000 	/System/Library/PrivateFrameworks/MultitouchSupport.framework/Versions/A/MultitouchSupport
0x000000000a49f000 	/System/Library/Frameworks/IOKit.framework/Versions/A/IOKit
0x000000000a49f000 	/usr/lib/libDiagnosticMessagesClient.dylib
0x000000000a49f000 	/System/Library/Frameworks/CoreServices.framework/Versions/A/CoreServices
0x000000000a49f000 	/System/Library/PrivateFrameworks/PerformanceAnalysis.framework/Versions/A/PerformanceAnalysis
0x000000000a49f000 	/System/Library/PrivateFrameworks/GenerationalStorage.framework/Versions/A/GenerationalStorage
0x000000000a49f000 	/System/Library/Frameworks/OpenGL.framework/Versions/A/OpenGL
0x000000000a49f000 	/System/Library/PrivateFrameworks/Sharing.framework/Versions/A/Sharing
0x000000000a49f000 	/System/Library/Frameworks/CoreGraphics.framework/Versions/A/CoreGraphics
0x000000000a49f000 	/System/Library/Frameworks/CoreImage.framework/Versions/A/CoreImage
0x000000000a49f000 	/System/Library/Frameworks/CoreText.framework/Versions/A/CoreText
0x000000000a49f000 	/System/Library/Frameworks/ImageIO.framework/Versions/A/ImageIO
0x000000000a49f000 	/System/Library/PrivateFrameworks/Backup.framework/Versions/A/Backup
0x000000000a49f000 	/usr/lib/libextension.dylib
0x000000000a49f000 	/usr/lib/libarchive.2.dylib
0x000000000a49f000 	/System/Library/Frameworks/CFNetwork.framework/Versions/A/CFNetwork
0x000000000a49f000 	/System/Library/Frameworks/SystemConfiguration.framework/Versions/A/SystemConfiguration
0x000000000a49f000 	/usr/lib/libCRFSuite.dylib
0x000000000a49f000 	/usr/lib/libc++.1.dylib
0x000000000a49f000 	/usr/lib/libc++abi.dylib
0x000000000a49f000 	/usr/lib/system/libcache.dylib
0x000000000a49f000 	/usr/lib/system/libcommonCrypto.dylib
0x000000000a49f000 	/usr/lib/system/libcompiler_rt.dylib
0x000000000a49f000 	/usr/lib/system/libcopyfile.dylib
0x000000000a49f000 	/usr/lib/system/libcorecrypto.dylib
0x000000000a49f000 	/usr/lib/system/libdispatch.dylib
0x000000000a49f000 	/usr/lib/system/libdyld.dylib
0x000000000a49f000 	/usr/lib/system/libkeymgr.dylib
0x000000000a49f000 	/usr/lib/system/liblaunch.dylib
0x000000000a49f000 	/usr/lib/system/libmacho.dylib
0x000000000a49f000 	/usr/lib/system/libquarantine.dylib
0x000000000a49f000 	/usr/lib/system/libremovefile.dylib
0x000000000a49f000 	/usr/lib/system/libsystem_asl.dylib
0x000000000a49f000 	/usr/lib/system/libsystem_blocks.dylib
0x000000000a49f000 	/usr/lib/system/libsystem_c.dylib
0x000000000a49f000 	/usr/lib/system/libsystem_configuration.dylib
0x000000000a49f000 	/usr/lib/system/libsystem_coreservices.dylib
0x000000000a49f000 	/usr/lib/system/libsystem_coretls.dylib
0x000000000a49f000 	/usr/lib/system/libsystem_dnssd.dylib
0x000000000a49f000 	/usr/lib/system/libsystem_info.dylib
0x000000000a49f000 	/usr/lib/system/libsystem_kernel.dylib
0x000000000a49f000 	/usr/lib/system/libsystem_m.dylib
0x000000000a49f000 	/usr/lib/system/libsystem_malloc.dylib
0x000000000a49f000 	/usr/lib/system/libsystem_network.dylib
0x000000000a49f000 	/usr/lib/system/libsystem_networkextension.dylib
0x000000000a49f000 	/usr/lib/system/libsystem_notify.dylib
0x000000000a49f000 	/usr/lib/system/libsystem_platform.dylib
0x000000000a49f000 	/usr/lib/system/libsystem_pthread.dylib
0x000000000a49f000 	/usr/lib/system/libsystem_sandbox.dylib
0x000000000a49f000 	/usr/lib/system/libsystem_secinit.dylib
0x000000000a49f000 	/usr/lib/system/libsystem_trace.dylib
0x000000000a49f000 	/usr/lib/system/libunc.dylib
0x000000000a49f000 	/usr/lib/system/libunwind.dylib
0x000000000a49f000 	/usr/lib/system/libxpc.dylib
0x000000000a49f000 	/usr/lib/libenergytrace.dylib
0x000000000a49f000 	/usr/lib/libbsm.0.dylib
0x000000000a49f000 	/usr/lib/system/libkxld.dylib
0x000000000a49f000 	/usr/lib/libxar.1.dylib
0x000000000a49f000 	/usr/lib/libsqlite3.dylib
0x000000000a49f000 	/usr/lib/libpam.2.dylib
0x000000000a49f000 	/usr/lib/libOpenScriptingUtil.dylib
0x000000000a49f000 	/usr/lib/libbz2.1.0.dylib
0x000000000a49f000 	/usr/lib/liblzma.5.dylib
0x000000000a49f000 	/System/Library/Frameworks/CoreServices.framework/Versions/A/Frameworks/FSEvents.framework/Versions/A/FSEvents
0x000000000a49f000 	/System/Library/Frameworks/CoreServices.framework/Versions/A/Frameworks/CarbonCore.framework/Versions/A/CarbonCore
0x000000000a49f000 	/System/Library/Frameworks/CoreServices.framework/Versions/A/Frameworks/Metadata.framework/Versions/A/Metadata
0x000000000a49f000 	/System/Library/Frameworks/CoreServices.framework/Versions/A/Frameworks/OSServices.framework/Versions/A/OSServices
0x000000000a49f000 	/System/Library/Frameworks/CoreServices.framework/Versions/A/Frameworks/SearchKit.framework/Versions/A/SearchKit
0x000000000a49f000 	/System/Library/Frameworks/CoreServices.framework/Versions/A/Frameworks/AE.framework/Versions/A/AE
0x000000000a49f000 	/System/Library/Frameworks/CoreServices.framework/Versions/A/Frameworks/LaunchServices.framework/Versions/A/LaunchServices
0x000000000a49f000 	/System/Library/Frameworks/CoreServices.framework/Versions/A/Frameworks/DictionaryServices.framework/Versions/A/DictionaryServices
0x000000000a49f000 	/System/Library/Frameworks/CoreServices.framework/Versions/A/Frameworks/SharedFileList.framework/Versions/A/SharedFileList
0x000000000a49f000 	/System/Library/Frameworks/NetFS.framework/Versions/A/NetFS
0x000000000a49f000 	/System/Library/PrivateFrameworks/NetAuth.framework/Versions/A/NetAuth
0x000000000a49f000 	/System/Library/PrivateFrameworks/login.framework/Versions/A/Frameworks/loginsupport.framework/Versions/A/loginsupport
0x000000000a49f000 	/System/Library/PrivateFrameworks/TCC.framework/Versions/A/TCC
0x000000000a49f000 	/usr/lib/libmecabra.dylib
0x000000000a49f000 	/System/Library/Frameworks/ApplicationServices.framework/Versions/A/Frameworks/ATS.framework/Versions/A/ATS
0x000000000a49f000 	/System/Library/Frameworks/ApplicationServices.framework/Versions/A/Frameworks/ColorSync.framework/Versions/A/ColorSync
0x000000000a49f000 	/System/Library/Frameworks/ApplicationServices.framework/Versions/A/Frameworks/HIServices.framework/Versions/A/HIServices
0x000000000a49f000 	/System/Library/Frameworks/ApplicationServices.framework/Versions/A/Frameworks/LangAnalysis.framework/Versions/A/LangAnalysis
0x000000000a49f000 	/System/Library/Frameworks/ApplicationServices.framework/Versions/A/Frameworks/PrintCore.framework/Versions/A/PrintCore
0x000000000a49f000 	/System/Library/Frameworks/ApplicationServices.framework/Versions/A/Frameworks/QD.framework/Versions/A/QD
0x000000000a49f000 	/System/Library/Frameworks/ApplicationServices.framework/Versions/A/Frameworks/SpeechSynthesis.framework/Versions/A/SpeechSynthesis
0x000000000a49f000 	/System/Library/Frameworks/Metal.framework/Versions/A/Metal
0x000000000a49f000 	/System/Library/Frameworks/Accelerate.framework/Versions/A/Frameworks/vImage.framework/Versions/A/vImage
0x000000000a49f000 	/System/Library/Frameworks/Accelerate.framework/Versions/A/Frameworks/vecLib.framework/Versions/A/vecLib
0x000000000a49f000 	/System/Library/Frameworks/Accelerate.framework/Versions/A/Frameworks/vecLib.framework/Versions/A/libvDSP.dylib
0x000000000a49f000 	/System/Library/Frameworks/Accelerate.framework/Versions/A/Frameworks/vecLib.framework/Versions/A/libvMisc.dylib
0x000000000a49f000 	/System/Library/Frameworks/Accelerate.framework/Versions/A/Frameworks/vecLib.framework/Versions/A/libLAPACK.dylib
0x000000000a49f000 	/System/Library/Frameworks/Accelerate.framework/Versions/A/Frameworks/vecLib.framework/Versions/A/libBLAS.dylib
0x000000000a49f000 	/System/Library/Frameworks/Accelerate.framework/Versions/A/Frameworks/vecLib.framework/Versions/A/libLinearAlgebra.dylib
0x000000000a49f000 	/System/Library/Frameworks/Accelerate.framework/Versions/A/Frameworks/vecLib.framework/Versions/A/libSparseBLAS.dylib
0x000000000a49f000 	/System/Library/PrivateFrameworks/GPUCompiler.framework/libmetal_timestamp.dylib
0x000000000a49f000 	/System/Library/Frameworks/OpenGL.framework/Versions/A/Libraries/libCoreFSCache.dylib
0x000000000a49f000 	/System/Library/PrivateFrameworks/IOAccelerator.framework/Versions/A/IOAccelerator
0x000000000a49f000 	/System/Library/Frameworks/ApplicationServices.framework/Versions/A/Frameworks/ATS.framework/Versions/A/Resources/libFontParser.dylib
0x000000000a49f000 	/System/Library/Frameworks/ApplicationServices.framework/Versions/A/Frameworks/ATS.framework/Versions/A/Resources/libFontRegistry.dylib
0x000000000a49f000 	/System/Library/PrivateFrameworks/AppleVPA.framework/Versions/A/AppleVPA
0x000000000a49f000 	/System/Library/PrivateFrameworks/AppleJPEG.framework/Versions/A/AppleJPEG
0x000000000a49f000 	/System/Library/Frameworks/ImageIO.framework/Versions/A/Resources/libJPEG.dylib
0x000000000a49f000 	/System/Library/Frameworks/ImageIO.framework/Versions/A/Resources/libTIFF.dylib
0x000000000a49f000 	/System/Library/Frameworks/ImageIO.framework/Versions/A/Resources/libPng.dylib
0x000000000a49f000 	/System/Library/Frameworks/ImageIO.framework/Versions/A/Resources/libGIF.dylib
0x000000000a49f000 	/System/Library/Frameworks/ImageIO.framework/Versions/A/Resources/libJP2.dylib
0x000000000a49f000 	/System/Library/Frameworks/ImageIO.framework/Versions/A/Resources/libRadiance.dylib
0x000000000a49f000 	/System/Library/Frameworks/CoreVideo.framework/Versions/A/CoreVideo
0x000000000a49f000 	/System/Library/Frameworks/OpenGL.framework/Versions/A/Libraries/libGLU.dylib
0x000000000a49f000 	/System/Library/Frameworks/OpenGL.framework/Versions/A/Libraries/libGFXShared.dylib
0x000000000a49f000 	/System/Library/Frameworks/OpenGL.framework/Versions/A/Libraries/libGL.dylib
0x000000000a49f000 	/System/Library/Frameworks/OpenGL.framework/Versions/A/Libraries/libGLImage.dylib
0x000000000a49f000 	/System/Library/Frameworks/OpenGL.framework/Versions/A/Libraries/libCVMSPluginSupport.dylib
0x000000000a49f000 	/System/Library/Frameworks/OpenGL.framework/Versions/A/Libraries/libCoreVMClient.dylib
0x000000000a49f000 	/usr/lib/libcups.2.dylib
0x000000000a49f000 	/System/Library/Frameworks/Kerberos.framework/Versions/A/Kerberos
0x000000000a49f000 	/System/Library/Frameworks/GSS.framework/Versions/A/GSS
0x000000000a49f000 	/usr/lib/libresolv.9.dylib
0x000000000a49f000 	/usr/lib/libiconv.2.dylib
0x000000000a49f000 	/System/Library/PrivateFrameworks/Heimdal.framework/Versions/A/Heimdal
0x000000000a49f000 	/usr/lib/libheimdal-asn1.dylib
0x000000000a49f000 	/System/Library/Frameworks/OpenDirectory.framework/Versions/A/OpenDirectory
0x000000000a49f000 	/System/Library/PrivateFrameworks/CommonAuth.framework/Versions/A/CommonAuth
0x000000000a49f000 	/System/Library/Frameworks/OpenDirectory.framework/Versions/A/Frameworks/CFOpenDirectory.framework/Versions/A/CFOpenDirectory
0x000000000a49f000 	/System/Library/Frameworks/SecurityFoundation.framework/Versions/A/SecurityFoundation
0x000000000a49f000 	/System/Library/PrivateFrameworks/LanguageModeling.framework/Versions/A/LanguageModeling
0x000000000a49f000 	/usr/lib/libmarisa.dylib
0x000000000a49f000 	/usr/lib/libChineseTokenizer.dylib
0x000000000a49f000 	/usr/lib/libcmph.dylib
0x000000000a49f000 	/usr/lib/libcompression.dylib
0x000000000a49f000 	/System/Library/Frameworks/ServiceManagement.framework/Versions/A/ServiceManagement
0x000000000a49f000 	/usr/lib/libxslt.1.dylib
0x000000000a49f000 	/System/Library/Frameworks/Carbon.framework/Versions/A/Frameworks/Ink.framework/Versions/A/Ink
0x000000000a49f000 	/usr/lib/libFosl_dynamic.dylib
0x000000000a49f000 	/System/Library/PrivateFrameworks/FaceCore.framework/Versions/A/FaceCore
0x000000000a49f000 	/System/Library/Frameworks/OpenCL.framework/Versions/A/OpenCL
0x000000000a49f000 	/System/Library/PrivateFrameworks/CrashReporterSupport.framework/Versions/A/CrashReporterSupport
0x000000000a49f000 	/System/Library/PrivateFrameworks/IconServices.framework/Versions/A/IconServices
0x000000000a49f000 	/System/Library/PrivateFrameworks/Apple80211.framework/Versions/A/Apple80211
0x000000000a49f000 	/System/Library/Frameworks/CoreWLAN.framework/Versions/A/CoreWLAN
0x000000000a49f000 	/System/Library/Frameworks/IOBluetooth.framework/Versions/A/IOBluetooth
0x000000000a49f000 	/System/Library/PrivateFrameworks/CoreWiFi.framework/Versions/A/CoreWiFi
0x000000000a49f000 	/System/Library/Frameworks/CoreBluetooth.framework/Versions/A/CoreBluetooth
0x000000000a49f000 	/System/Library/PrivateFrameworks/ChunkingLibrary.framework/Versions/A/ChunkingLibrary
0x000000000a49f000 	/System/Library/PrivateFrameworks/DebugSymbols.framework/Versions/A/DebugSymbols
0x000000000a49f000 	/System/Library/PrivateFrameworks/CoreSymbolication.framework/Versions/A/CoreSymbolication
0x000000000a49f000 	/System/Library/PrivateFrameworks/Symbolication.framework/Versions/A/Symbolication
0x000000000a49f000 	/System/Library/PrivateFrameworks/SpeechRecognitionCore.framework/Versions/A/SpeechRecognitionCore
0x0000000103edb000 	/System/Library/CoreServices/Encodings/libSimplifiedChineseConverter.dylib
0x0000000103f1f000 	/Library/Java/JavaVirtualMachines/jdk1.8.0_91.jdk/Contents/Home/jre/lib/server/libjvm.dylib
0x000000000a49f000 	/usr/lib/libstdc++.6.dylib
0x0000000104eb3000 	/Library/Java/JavaVirtualMachines/jdk1.8.0_91.jdk/Contents/Home/jre/lib/libverify.dylib
0x0000000104ec1000 	/Library/Java/JavaVirtualMachines/jdk1.8.0_91.jdk/Contents/Home/jre/lib/libjava.dylib
0x0000000104f00000 	/Library/Java/JavaVirtualMachines/jdk1.8.0_91.jdk/Contents/Home/jre/lib/libzip.dylib
0x0000000118b0c000 	/System/Library/Frameworks/JavaVM.framework/Frameworks/JavaRuntimeSupport.framework/JavaRuntimeSupport
0x0000000118b27000 	/System/Library/Frameworks/JavaVM.framework/Versions/A/Frameworks/JavaNativeFoundation.framework/Versions/A/JavaNativeFoundation
0x0000000118b3c000 	/System/Library/Frameworks/JavaVM.framework/Versions/A/JavaVM
0x000000000a49f000 	/System/Library/Frameworks/Carbon.framework/Versions/A/Carbon
0x0000000118b49000 	/System/Library/PrivateFrameworks/JavaLaunching.framework/Versions/A/JavaLaunching
0x000000000a49f000 	/System/Library/Frameworks/Carbon.framework/Versions/A/Frameworks/CommonPanels.framework/Versions/A/CommonPanels
0x000000000a49f000 	/System/Library/Frameworks/Carbon.framework/Versions/A/Frameworks/Help.framework/Versions/A/Help
0x000000000a49f000 	/System/Library/Frameworks/Carbon.framework/Versions/A/Frameworks/ImageCapture.framework/Versions/A/ImageCapture
0x000000000a49f000 	/System/Library/Frameworks/Carbon.framework/Versions/A/Frameworks/OpenScripting.framework/Versions/A/OpenScripting
0x000000000a49f000 	/System/Library/Frameworks/Carbon.framework/Versions/A/Frameworks/Print.framework/Versions/A/Print
0x000000000a49f000 	/System/Library/Frameworks/Carbon.framework/Versions/A/Frameworks/SecurityHI.framework/Versions/A/SecurityHI

VM Arguments:
jvm_args: -Djava.awt.headless=true -Xmx1024M -Dfile.encoding=UTF-8 -Duser.country=CN -Duser.language=zh -Duser.variant 
java_command: com.android.dx.command.Main --dex --force-jumbo --num-threads=4 --multi-dex --output /Users/lanouhn/Desktop/androidhighday/SingOriginal/app/build/intermediates/transforms/dex/debug/folders/1000/10/com.android.support-recyclerview-v7-24.0.0_08f8fc7808e23f0cd2d9a7a4b202527f6495f4c0 /Users/lanouhn/Desktop/androidhighday/SingOriginal/app/build/intermediates/exploded-aar/com.android.support/recyclerview-v7/24.0.0/jars/classes.jar
java_class_path (initial): /Users/lanouhn/Library/Android/sdk/build-tools/24.0.0/lib/dx.jar
Launcher Type: SUN_STANDARD

Environment Variables:
PATH=/usr/bin:/bin:/usr/sbin:/sbin
SHELL=/bin/bash

Signal Handlers:
SIGSEGV: [libjvm.dylib+0x5a97a1], sa_mask[0]=11111111011111110111111111111111, sa_flags=SA_ONSTACK|SA_RESTART|SA_SIGINFO
SIGBUS: [libjvm.dylib+0x5a97a1], sa_mask[0]=11111111011111110111111111111111, sa_flags=SA_RESTART|SA_SIGINFO
SIGFPE: [libjvm.dylib+0x482594], sa_mask[0]=11111111011111110111111111111111, sa_flags=SA_RESTART|SA_SIGINFO
SIGPIPE: [libjvm.dylib+0x482594], sa_mask[0]=11111111011111110111111111111111, sa_flags=SA_RESTART|SA_SIGINFO
SIGXFSZ: [libjvm.dylib+0x482594], sa_mask[0]=11111111011111110111111111111111, sa_flags=SA_RESTART|SA_SIGINFO
SIGILL: [libjvm.dylib+0x482594], sa_mask[0]=11111111011111110111111111111111, sa_flags=SA_RESTART|SA_SIGINFO
SIGUSR1: SIG_DFL, sa_mask[0]=00000000000000000000000000000000, sa_flags=none
SIGUSR2: [libjvm.dylib+0x4820b2], sa_mask[0]=00100000000000000000000000000000, sa_flags=SA_RESTART|SA_SIGINFO
SIGHUP: [libjvm.dylib+0x480689], sa_mask[0]=11111111011111110111111111111111, sa_flags=SA_RESTART|SA_SIGINFO
SIGINT: [libjvm.dylib+0x480689], sa_mask[0]=11111111011111110111111111111111, sa_flags=SA_RESTART|SA_SIGINFO
SIGTERM: [libjvm.dylib+0x480689], sa_mask[0]=11111111011111110111111111111111, sa_flags=SA_RESTART|SA_SIGINFO
SIGQUIT: [libjvm.dylib+0x480689], sa_mask[0]=11111111011111110111111111111111, sa_flags=SA_RESTART|SA_SIGINFO


---------------  S Y S T E M  ---------------

OS:Bsduname:Darwin 15.4.0 Darwin Kernel Version 15.4.0: Fri Feb 26 22:08:05 PST 2016; root:xnu-3248.40.184~3/RELEASE_X86_64 x86_64
rlimit: STACK 8192k, CORE 0k, NPROC 709, NOFILE 10240, AS infinity
load average:27.14 12.08 5.93

CPU:total 4 (2 cores per cpu, 2 threads per core) family 6 model 58 stepping 9, cmov, cx8, fxsr, mmx, sse, sse2, sse3, ssse3, sse4.1, sse4.2, popcnt, avx, aes, clmul, erms, ht, tsc, tscinvbit, tscinv

Memory: 4k page, physical 8388608k(204176k free)

/proc/meminfo:


vm_info: Java HotSpot(TM) 64-Bit Server VM (25.91-b14) for bsd-amd64 JRE (1.8.0_91-b14), built on Apr  1 2016 01:03:00 by "java_re" with gcc 4.2.1 (Based on Apple Inc. build 5658) (LLVM build 2336.11.00)

time: Thu Jul 28 09:12:42 2016
elapsed time: 5 seconds (0d 0h 0m 5s)

