#
# A fatal error has been detected by the Java Runtime Environment:
#
#  SIGBUS (0xa) at pc=0x000000010f4232d2, pid=1041, tid=19715
#
# JRE version: Java(TM) SE Runtime Environment (8.0_91-b14) (build 1.8.0_91-b14)
# Java VM: Java HotSpot(TM) 64-Bit Server VM (25.91-b14 mixed mode bsd-amd64 compressed oops)
# Problematic frame:
# j  com.android.dx.ssa.back.FirstFitLocalCombiningAllocator.handleCheckCastResults()V+42
#
# Failed to write core dump. Core dumps have been disabled. To enable core dumping, try "ulimit -c unlimited" before starting Java again
#
# If you would like to submit a bug report, please visit:
#   http://bugreport.java.com/bugreport/crash.jsp
#

---------------  T H R E A D  ---------------

Current thread (0x00007fd641881800):  JavaThread "pool-2-thread-1" [_thread_in_Java, id=19715, stack(0x000070000104a000,0x000070000114a000)]

siginfo: si_signo: 10 (SIGBUS), si_code: 2 (BUS_ADRERR), si_addr: 0x00000007aaab7d38

Registers:
RAX=0x0000000000100000, RBX=0x00000001210e5f10, RCX=0x00000007aaab7d38, RDX=0x0000000080500001
RSP=0x0000700001149090, RBP=0x00007000011490e0, RSI=0x00000007aabb7e50, RDI=0x0000000000000004
R8 =0x0000000000000001, R9 =0x00000000f55a91ce, R10=0x000000010e392050, R11=0x000000010f5d1480
R12=0x0000000000000000, R13=0x0000000121117082, R14=0x0000700001149170, R15=0x00007fd641881800
RIP=0x000000010f4232d2, EFLAGS=0x0000000000010206, ERR=0x0000000000000004
  TRAPNO=0x000000000000000e

Top of Stack: (sp=0x0000700001149090)
0x0000700001149090:   000000010f408040 00000007aaab7d38
0x00007000011490a0:   00007000011490a0 0000000121117082
0x00007000011490b0:   0000700001149170 000000012111f0b8
0x00007000011490c0:   0000000000000000 0000000121117318
0x00007000011490d0:   0000000000000000 0000700001149170
0x00007000011490e0:   00007000011491b8 000000010f4082bd
0x00007000011490f0:   0000000000000000 0000000000000000
0x0000700001149100:   0000000000000000 0000000000000000
0x0000700001149110:   0000000000000000 0000000000000000
0x0000700001149120:   0000000000000000 0000000000000000
0x0000700001149130:   00000007aabb7c88 00000007aabb7b68
0x0000700001149140:   00000007aabb7b20 00000007aabb7a88
0x0000700001149150:   0000000000000005 00000007acc46468
0x0000700001149160:   00000007aabb7e50 00000007aad49028
0x0000700001149170:   00000007aad48bf0 0000700001149178
0x0000700001149180:   0000000121115acd 00007000011491c8
0x0000700001149190:   000000012111f0b8 0000000000000000
0x00007000011491a0:   0000000121115af8 0000700001149170
0x00007000011491b0:   00007000011491c8 0000700001149210
0x00007000011491c0:   000000010f408040 00000007aad48bf0
0x00007000011491d0:   00007000011491d0 0000000121111765
0x00007000011491e0:   0000700001149238 0000000121119050
0x00007000011491f0:   0000000000000000 00000001211117f8
0x0000700001149200:   00007000011491c8 0000700001149238
0x0000700001149210:   0000700001149280 000000010f408040
0x0000700001149220:   0000000000000000 0000000000000000
0x0000700001149230:   00000007aad48bf0 00000007aabbd5e8
0x0000700001149240:   0000700001149240 00000001211115d1
0x0000700001149250:   0000700001149298 0000000121119050
0x0000700001149260:   0000000000000000 00000001211115f8
0x0000700001149270:   0000700001149238 0000700001149290
0x0000700001149280:   00007000011492e0 000000010f408040 

Instructions: (pc=0x000000010f4232d2)
0x000000010f4232b2:   39 0e 01 00 00 00 49 8b 14 d2 52 41 8b d5 4c 8b
0x000000010f4232c2:   6d c8 8b c2 81 e0 00 00 10 00 0f 84 6a 01 00 00
0x000000010f4232d2:   48 3b 01 48 8b 45 e0 48 85 c0 0f 84 12 00 00 00
0x000000010f4232e2:   48 83 40 08 01 48 83 58 08 00 48 83 c0 30 48 89 

Register to memory mapping:

RAX=0x0000000000100000 is an unknown value
RBX={method} {0x00000001210e5f10} 'getPredecessors' '()Ljava/util/BitSet;' in 'com/android/dx/ssa/SsaBasicBlock'
RCX=0x00000007aaab7d38 is an unallocated location in the heap
RDX=0x0000000080500001 is an unknown value
RSP=0x0000700001149090 is pointing into the stack for thread: 0x00007fd641881800
RBP=0x00007000011490e0 is pointing into the stack for thread: 0x00007fd641881800
RSI=0x00000007aabb7e50 is an oop
com.android.dx.ssa.NormalSsaInsn 
 - klass: 'com/android/dx/ssa/NormalSsaInsn'
RDI=0x0000000000000004 is an unknown value
R8 =0x0000000000000001 is an unknown value
R9 =0x00000000f55a91ce is an unknown value
R10=0x000000010e392050: _ZN19TemplateInterpreter20_invoke_return_entryE+0 in /Library/Java/JavaVirtualMachines/jdk1.8.0_91.jdk/Contents/Home/jre/lib/server/libjvm.dylib at 0x000000010daaa000
R11=0x000000010f5d1480 is at entry_point+32 in (nmethod*)0x000000010f5d1310
R12=0x0000000000000000 is an unknown value
R13=0x0000000121117082 is pointing into metadata
R14=0x0000700001149170 is pointing into the stack for thread: 0x00007fd641881800
R15=0x00007fd641881800 is a thread


Stack: [0x000070000104a000,0x000070000114a000],  sp=0x0000700001149090,  free space=1020k
Native frames: (J=compiled Java code, j=interpreted, Vv=VM code, C=native code)
j  com.android.dx.ssa.back.FirstFitLocalCombiningAllocator.handleCheckCastResults()V+42
j  com.android.dx.ssa.back.FirstFitLocalCombiningAllocator.allocateRegisters()Lcom/android/dx/ssa/RegisterMapper;+21
j  com.android.dx.ssa.back.SsaToRop.convert()Lcom/android/dx/rop/code/RopMethod;+21
j  com.android.dx.ssa.back.SsaToRop.convertToRopMethod(Lcom/android/dx/ssa/SsaMethod;Z)Lcom/android/dx/rop/code/RopMethod;+9
j  com.android.dx.ssa.Optimizer.optimize(Lcom/android/dx/rop/code/RopMethod;IZZLcom/android/dx/rop/code/TranslationAdvice;Ljava/util/EnumSet;)Lcom/android/dx/rop/code/RopMethod;+30
j  com.android.dx.ssa.Optimizer.optimize(Lcom/android/dx/rop/code/RopMethod;IZZLcom/android/dx/rop/code/TranslationAdvice;)Lcom/android/dx/rop/code/RopMethod;+11
j  com.android.dx.dex.cf.CfTranslator.processMethods(Lcom/android/dx/cf/direct/DirectClassFile;Lcom/android/dx/dex/cf/CfOptions;Lcom/android/dx/dex/DexOptions;Lcom/android/dx/dex/file/ClassDefItem;Lcom/android/dx/dex/file/DexFile;)V+265
j  com.android.dx.dex.cf.CfTranslator.translate0(Lcom/android/dx/cf/direct/DirectClassFile;[BLcom/android/dx/dex/cf/CfOptions;Lcom/android/dx/dex/DexOptions;Lcom/android/dx/dex/file/DexFile;)Lcom/android/dx/dex/file/ClassDefItem;+120
j  com.android.dx.dex.cf.CfTranslator.translate(Lcom/android/dx/cf/direct/DirectClassFile;[BLcom/android/dx/dex/cf/CfOptions;Lcom/android/dx/dex/DexOptions;Lcom/android/dx/dex/file/DexFile;)Lcom/android/dx/dex/file/ClassDefItem;+6
j  com.android.dx.command.dexer.Main.translateClass([BLcom/android/dx/cf/direct/DirectClassFile;)Lcom/android/dx/dex/file/ClassDefItem;+17
j  com.android.dx.command.dexer.Main.access$2700([BLcom/android/dx/cf/direct/DirectClassFile;)Lcom/android/dx/dex/file/ClassDefItem;+2
j  com.android.dx.command.dexer.Main$ClassTranslatorTask.call()Lcom/android/dx/dex/file/ClassDefItem;+8
j  com.android.dx.command.dexer.Main$ClassTranslatorTask.call()Ljava/lang/Object;+1
j  java.util.concurrent.FutureTask.run()V+42
j  java.util.concurrent.ThreadPoolExecutor.runWorker(Ljava/util/concurrent/ThreadPoolExecutor$Worker;)V+95
j  java.util.concurrent.ThreadPoolExecutor$Worker.run()V+5
j  java.lang.Thread.run()V+11
v  ~StubRoutines::call_stub
V  [libjvm.dylib+0x2ec1e6]
V  [libjvm.dylib+0x2ec974]
V  [libjvm.dylib+0x2ecb20]
V  [libjvm.dylib+0x34726d]
V  [libjvm.dylib+0x563d17]
V  [libjvm.dylib+0x565412]
V  [libjvm.dylib+0x484f82]
C  [libsystem_pthread.dylib+0x399d]  _pthread_body+0x83
C  [libsystem_pthread.dylib+0x391a]  _pthread_body+0x0
C  [libsystem_pthread.dylib+0x1351]  thread_start+0xd
C  0x0000000000000000


---------------  P R O C E S S  ---------------

Java Threads: ( => current thread )
  0x00007fd64103b800 JavaThread "pool-2-thread-4" [_thread_in_native, id=21763, stack(0x0000700001456000,0x0000700001556000)]
  0x00007fd64094a800 JavaThread "pool-2-thread-3" [_thread_blocked, id=21251, stack(0x0000700001353000,0x0000700001453000)]
  0x00007fd641882000 JavaThread "pool-2-thread-2" [_thread_in_Java, id=20739, stack(0x0000700001250000,0x0000700001350000)]
  0x00007fd64100f000 JavaThread "pool-3-thread-1" [_thread_blocked, id=20227, stack(0x000070000114d000,0x000070000124d000)]
=>0x00007fd641881800 JavaThread "pool-2-thread-1" [_thread_in_Java, id=19715, stack(0x000070000104a000,0x000070000114a000)]
  0x00007fd642000000 JavaThread "Service Thread" daemon [_thread_blocked, id=18691, stack(0x0000700000e44000,0x0000700000f44000)]
  0x00007fd641870800 JavaThread "C1 CompilerThread2" daemon [_thread_in_vm, id=18179, stack(0x0000700000d41000,0x0000700000e41000)]
  0x00007fd64100a000 JavaThread "C2 CompilerThread1" daemon [_thread_in_native, id=17667, stack(0x0000700000c3e000,0x0000700000d3e000)]
  0x00007fd64101d000 JavaThread "C2 CompilerThread0" daemon [_thread_in_native, id=17155, stack(0x0000700000b3b000,0x0000700000c3b000)]
  0x00007fd642002800 JavaThread "Signal Dispatcher" daemon [_thread_blocked, id=12815, stack(0x0000700000a38000,0x0000700000b38000)]
  0x00007fd641003000 JavaThread "Finalizer" daemon [_thread_blocked, id=11779, stack(0x000070000082f000,0x000070000092f000)]
  0x00007fd64080a800 JavaThread "Reference Handler" daemon [_thread_blocked, id=11267, stack(0x000070000072c000,0x000070000082c000)]
  0x00007fd641806000 JavaThread "main" [_thread_blocked, id=4099, stack(0x0000700000084000,0x0000700000184000)]

Other Threads:
  0x00007fd64184e800 VMThread [stack: 0x0000700000629000,0x0000700000729000] [id=10755]
  0x00007fd642001000 WatcherThread [stack: 0x0000700000f47000,0x0000700001047000] [id=19203]

VM state:not at safepoint (normal execution)

VM Mutex/Monitor currently owned by a thread: None

Heap:
 PSYoungGen      total 38400K, used 10119K [0x00000007aab00000, 0x00000007ad580000, 0x00000007c0000000)
  eden space 33280K, 15% used [0x00000007aab00000,0x00000007aafe6de0,0x00000007acb80000)
  from space 5120K, 99% used [0x00000007acb80000,0x00000007ad07ae90,0x00000007ad080000)
  to   space 5120K, 0% used [0x00000007ad080000,0x00000007ad080000,0x00000007ad580000)
 ParOldGen       total 87552K, used 1535K [0x0000000780000000, 0x0000000785580000, 0x00000007aab00000)
  object space 87552K, 1% used [0x0000000780000000,0x000000078017fe78,0x0000000785580000)
 Metaspace       used 5789K, capacity 6768K, committed 7040K, reserved 1056768K
  class space    used 594K, capacity 616K, committed 640K, reserved 1048576K

Card table byte_map: [0x000000011e7c0000,0x000000011e9c1000] byte_map_base: 0x000000011abc0000

Marking Bits: (ParMarkBitMap*) 0x000000010e390eb0
 Begin Bits: [0x000000011e9c1000, 0x000000011f9c1000)
 End Bits:   [0x000000011f9c1000, 0x00000001209c1000)

Polling page: 0x000000010ea81000

CodeCache: size=245760Kb used=3102Kb max_used=3102Kb free=242657Kb
 bounds [0x000000010f400000, 0x000000010f710000, 0x000000011e400000]
 total_blobs=1096 nmethods=828 adapters=182
 compilation: enabled

Compilation events (10 events):
Event: 3.420 Thread 0x00007fd641870800 nmethod 881 0x000000010f6ee510 code [0x000000010f6ee680, 0x000000010f6ee968]
Event: 3.421 Thread 0x00007fd641870800  885       2       com.android.dx.cf.code.ValueAwareMachine::run (1142 bytes)
Event: 3.424 Thread 0x00007fd641870800 nmethod 885 0x000000010f6eead0 code [0x000000010f6eeea0, 0x000000010f6f0898]
Event: 3.424 Thread 0x00007fd641870800  836   !   2       com.android.dx.rop.type.Prototype::intern (233 bytes)
Event: 3.458 Thread 0x00007fd64100a000 nmethod 599 0x000000010f6f9310 code [0x000000010f6f98c0, 0x000000010f6fdbc0]
Event: 3.458 Thread 0x00007fd64100a000  902       4       java.util.BitSet::recalculateWordsInUse (39 bytes)
Event: 3.461 Thread 0x00007fd64100a000 nmethod 902 0x000000010f6b8590 code [0x000000010f6b86e0, 0x000000010f6b8798]
Event: 3.461 Thread 0x00007fd64100a000  720       4       com.android.dx.util.BitIntSet::add (15 bytes)
Event: 3.554 Thread 0x00007fd64100a000 nmethod 720 0x000000010f6f5f90 code [0x000000010f6f60e0, 0x000000010f6f6338]
Event: 3.554 Thread 0x00007fd64100a000  896       4       java.util.BitSet::clear (70 bytes)

GC Heap History (2 events):
Event: 3.526 GC heap before
{Heap before GC invocations=1 (full 0):
 PSYoungGen      total 38400K, used 33280K [0x00000007aab00000, 0x00000007ad580000, 0x00000007c0000000)
  eden space 33280K, 100% used [0x00000007aab00000,0x00000007acb80000,0x00000007acb80000)
  from space 5120K, 0% used [0x00000007ad080000,0x00000007ad080000,0x00000007ad580000)
  to   space 5120K, 0% used [0x00000007acb80000,0x00000007acb80000,0x00000007ad080000)
 ParOldGen       total 87552K, used 0K [0x0000000780000000, 0x0000000785580000, 0x00000007aab00000)
  object space 87552K, 0% used [0x0000000780000000,0x0000000780000000,0x0000000785580000)
 Metaspace       used 5784K, capacity 6768K, committed 7040K, reserved 1056768K
  class space    used 594K, capacity 616K, committed 640K, reserved 1048576K
Event: 3.552 GC heap after
Heap after GC invocations=1 (full 0):
 PSYoungGen      total 38400K, used 5099K [0x00000007aab00000, 0x00000007ad580000, 0x00000007c0000000)
  eden space 33280K, 0% used [0x00000007aab00000,0x00000007aab00000,0x00000007acb80000)
  from space 5120K, 99% used [0x00000007acb80000,0x00000007ad07ae90,0x00000007ad080000)
  to   space 5120K, 0% used [0x00000007ad080000,0x00000007ad080000,0x00000007ad580000)
 ParOldGen       total 87552K, used 1535K [0x0000000780000000, 0x0000000785580000, 0x00000007aab00000)
  object space 87552K, 1% used [0x0000000780000000,0x000000078017fe78,0x0000000785580000)
 Metaspace       used 5784K, capacity 6768K, committed 7040K, reserved 1056768K
  class space    used 594K, capacity 616K, committed 640K, reserved 1048576K
}

Deoptimization events (9 events):
Event: 1.364 Thread 0x00007fd641806000 Uncommon trap: reason=unstable_if action=reinterpret pc=0x000000010f551900 method=java.lang.String.indexOf(II)I @ 49
Event: 1.646 Thread 0x00007fd64103b800 Uncommon trap: reason=bimorphic action=maybe_recompile pc=0x000000010f5bda94 method=java.util.HashMap.getNode(ILjava/lang/Object;)Ljava/util/HashMap$Node; @ 59
Event: 1.652 Thread 0x00007fd641882000 Uncommon trap: reason=bimorphic action=maybe_recompile pc=0x000000010f5bda94 method=java.util.HashMap.getNode(ILjava/lang/Object;)Ljava/util/HashMap$Node; @ 59
Event: 1.652 Thread 0x00007fd641882000 Uncommon trap: reason=bimorphic action=maybe_recompile pc=0x000000010f5bda94 method=java.util.HashMap.getNode(ILjava/lang/Object;)Ljava/util/HashMap$Node; @ 59
Event: 1.652 Thread 0x00007fd641882000 Uncommon trap: reason=bimorphic action=maybe_recompile pc=0x000000010f5bda94 method=java.util.HashMap.getNode(ILjava/lang/Object;)Ljava/util/HashMap$Node; @ 59
Event: 1.653 Thread 0x00007fd641882000 Uncommon trap: reason=bimorphic action=maybe_recompile pc=0x000000010f5bb9b8 method=java.util.HashMap.getNode(ILjava/lang/Object;)Ljava/util/HashMap$Node; @ 59
Event: 2.166 Thread 0x00007fd64103b800 Uncommon trap: reason=unstable_if action=reinterpret pc=0x000000010f603688 method=java.util.HashMap.getNode(ILjava/lang/Object;)Ljava/util/HashMap$Node; @ 62
Event: 2.342 Thread 0x00007fd64103b800 Uncommon trap: reason=unstable_if action=reinterpret pc=0x000000010f610bb0 method=java.util.BitSet.nextSetBit(I)I @ 87
Event: 3.560 Thread 0x00007fd641881800 Uncommon trap: reason=null_check action=make_not_entrant pc=0x000000010f6fcf70 method=com.android.dx.ssa.SsaRenamer.getLocalForNewReg(I)Lcom/android/dx/rop/code/LocalItem; @ 19

Internal exceptions (10 events):
Event: 0.663 Thread 0x00007fd641806000 Exception <a 'java/util/zip/ZipException'> (0x00000007aaba6408) thrown at [/Users/java_re/workspace/8-2-build-macosx-x86_64/jdk8u91/6644/hotspot/src/share/vm/prims/jni.cpp, line 709]
Event: 0.663 Thread 0x00007fd641806000 Exception <a 'java/security/PrivilegedActionException'> (0x00000007aaba6610) thrown at [/Users/java_re/workspace/8-2-build-macosx-x86_64/jdk8u91/6644/hotspot/src/share/vm/prims/jvm.cpp, line 1386]
Event: 0.663 Thread 0x00007fd641806000 Exception <a 'java/security/PrivilegedActionException'> (0x00000007aac4cea8) thrown at [/Users/java_re/workspace/8-2-build-macosx-x86_64/jdk8u91/6644/hotspot/src/share/vm/prims/jvm.cpp, line 1386]
Event: 0.665 Thread 0x00007fd641806000 Exception <a 'java/util/zip/ZipException'> (0x00000007aac4dc28) thrown at [/Users/java_re/workspace/8-2-build-macosx-x86_64/jdk8u91/6644/hotspot/src/share/vm/prims/jni.cpp, line 709]
Event: 0.666 Thread 0x00007fd641806000 Exception <a 'java/security/PrivilegedActionException'> (0x00000007aac4de30) thrown at [/Users/java_re/workspace/8-2-build-macosx-x86_64/jdk8u91/6644/hotspot/src/share/vm/prims/jvm.cpp, line 1386]
Event: 0.666 Thread 0x00007fd641806000 Exception <a 'java/security/PrivilegedActionException'> (0x00000007aac4e040) thrown at [/Users/java_re/workspace/8-2-build-macosx-x86_64/jdk8u91/6644/hotspot/src/share/vm/prims/jvm.cpp, line 1386]
Event: 0.668 Thread 0x00007fd641806000 Exception <a 'java/util/zip/ZipException'> (0x00000007aac5fa48) thrown at [/Users/java_re/workspace/8-2-build-macosx-x86_64/jdk8u91/6644/hotspot/src/share/vm/prims/jni.cpp, line 709]
Event: 0.668 Thread 0x00007fd641806000 Exception <a 'java/security/PrivilegedActionException'> (0x00000007aac5fc50) thrown at [/Users/java_re/workspace/8-2-build-macosx-x86_64/jdk8u91/6644/hotspot/src/share/vm/prims/jvm.cpp, line 1386]
Event: 0.668 Thread 0x00007fd641806000 Exception <a 'java/security/PrivilegedActionException'> (0x00000007aac5fe60) thrown at [/Users/java_re/workspace/8-2-build-macosx-x86_64/jdk8u91/6644/hotspot/src/share/vm/prims/jvm.cpp, line 1386]
Event: 3.560 Thread 0x00007fd641881800 Implicit null exception at 0x000000010f6f9eee to 0x000000010f6fcf2d

Events (10 events):
Event: 2.371 loading class java/util/TreeMap$EntrySet done
Event: 2.371 loading class java/util/TreeMap$EntryIterator
Event: 2.371 loading class java/util/TreeMap$EntryIterator done
Event: 2.603 loading class java/util/ArrayList$1
Event: 2.603 loading class java/util/ArrayList$1 done
Event: 3.502 Executing VM operation: ParallelGCFailedAllocation
Event: 3.552 Executing VM operation: ParallelGCFailedAllocation done
Event: 3.560 Thread 0x00007fd641881800 Uncommon trap: trap_request=0xfffffff4 fr.pc=0x000000010f6fcf70
Event: 3.560 Thread 0x00007fd641881800 DEOPT PACKING pc=0x000000010f6fcf70 sp=0x0000700001148f10
Event: 3.560 Thread 0x00007fd641881800 DEOPT UNPACKING pc=0x000000010f405229 sp=0x0000700001148d68 mode 2


Dynamic libraries:
0x000000000a49f000 	/System/Library/Frameworks/Cocoa.framework/Versions/A/Cocoa
0x000000000a49f000 	/System/Library/Frameworks/Security.framework/Versions/A/Security
0x000000000a49f000 	/System/Library/Frameworks/ApplicationServices.framework/Versions/A/ApplicationServices
0x000000000a49f000 	/usr/lib/libz.1.dylib
0x000000000a49f000 	/usr/lib/libSystem.B.dylib
0x000000000a49f000 	/usr/lib/libobjc.A.dylib
0x000000000a49f000 	/System/Library/Frameworks/CoreFoundation.framework/Versions/A/CoreFoundation
0x000000000a49f000 	/System/Library/Frameworks/Foundation.framework/Versions/C/Foundation
0x000000000a49f000 	/System/Library/Frameworks/AppKit.framework/Versions/C/AppKit
0x000000000a49f000 	/System/Library/Frameworks/CoreData.framework/Versions/A/CoreData
0x000000000a49f000 	/System/Library/PrivateFrameworks/RemoteViewServices.framework/Versions/A/RemoteViewServices
0x000000000a49f000 	/System/Library/PrivateFrameworks/UIFoundation.framework/Versions/A/UIFoundation
0x000000000a49f000 	/usr/lib/libScreenReader.dylib
0x000000000a49f000 	/System/Library/Frameworks/Accelerate.framework/Versions/A/Accelerate
0x000000000a49f000 	/System/Library/Frameworks/IOSurface.framework/Versions/A/IOSurface
0x000000000a49f000 	/System/Library/Frameworks/AudioToolbox.framework/Versions/A/AudioToolbox
0x000000000a49f000 	/System/Library/Frameworks/AudioUnit.framework/Versions/A/AudioUnit
0x000000000a49f000 	/System/Library/PrivateFrameworks/DataDetectorsCore.framework/Versions/A/DataDetectorsCore
0x000000000a49f000 	/System/Library/PrivateFrameworks/DesktopServicesPriv.framework/Versions/A/DesktopServicesPriv
0x000000000a49f000 	/System/Library/Frameworks/Carbon.framework/Versions/A/Frameworks/HIToolbox.framework/Versions/A/HIToolbox
0x000000000a49f000 	/System/Library/Frameworks/QuartzCore.framework/Versions/A/QuartzCore
0x000000000a49f000 	/System/Library/Frameworks/Carbon.framework/Versions/A/Frameworks/SpeechRecognition.framework/Versions/A/SpeechRecognition
0x000000000a49f000 	/usr/lib/libauto.dylib
0x000000000a49f000 	/usr/lib/libicucore.A.dylib
0x000000000a49f000 	/usr/lib/libxml2.2.dylib
0x000000000a49f000 	/System/Library/PrivateFrameworks/CoreUI.framework/Versions/A/CoreUI
0x000000000a49f000 	/System/Library/Frameworks/CoreAudio.framework/Versions/A/CoreAudio
0x000000000a49f000 	/System/Library/Frameworks/DiskArbitration.framework/Versions/A/DiskArbitration
0x000000000a49f000 	/usr/lib/liblangid.dylib
0x000000000a49f000 	/System/Library/PrivateFrameworks/MultitouchSupport.framework/Versions/A/MultitouchSupport
0x000000000a49f000 	/System/Library/Frameworks/IOKit.framework/Versions/A/IOKit
0x000000000a49f000 	/usr/lib/libDiagnosticMessagesClient.dylib
0x000000000a49f000 	/System/Library/Frameworks/CoreServices.framework/Versions/A/CoreServices
0x000000000a49f000 	/System/Library/PrivateFrameworks/PerformanceAnalysis.framework/Versions/A/PerformanceAnalysis
0x000000000a49f000 	/System/Library/PrivateFrameworks/GenerationalStorage.framework/Versions/A/GenerationalStorage
0x000000000a49f000 	/System/Library/Frameworks/OpenGL.framework/Versions/A/OpenGL
0x000000000a49f000 	/System/Library/PrivateFrameworks/Sharing.framework/Versions/A/Sharing
0x000000000a49f000 	/System/Library/Frameworks/CoreGraphics.framework/Versions/A/CoreGraphics
0x000000000a49f000 	/System/Library/Frameworks/CoreImage.framework/Versions/A/CoreImage
0x000000000a49f000 	/System/Library/Frameworks/CoreText.framework/Versions/A/CoreText
0x000000000a49f000 	/System/Library/Frameworks/ImageIO.framework/Versions/A/ImageIO
0x000000000a49f000 	/System/Library/PrivateFrameworks/Backup.framework/Versions/A/Backup
0x000000000a49f000 	/usr/lib/libextension.dylib
0x000000000a49f000 	/usr/lib/libarchive.2.dylib
0x000000000a49f000 	/System/Library/Frameworks/CFNetwork.framework/Versions/A/CFNetwork
0x000000000a49f000 	/System/Library/Frameworks/SystemConfiguration.framework/Versions/A/SystemConfiguration
0x000000000a49f000 	/usr/lib/libCRFSuite.dylib
0x000000000a49f000 	/usr/lib/libc++.1.dylib
0x000000000a49f000 	/usr/lib/libc++abi.dylib
0x000000000a49f000 	/usr/lib/system/libcache.dylib
0x000000000a49f000 	/usr/lib/system/libcommonCrypto.dylib
0x000000000a49f000 	/usr/lib/system/libcompiler_rt.dylib
0x000000000a49f000 	/usr/lib/system/libcopyfile.dylib
0x000000000a49f000 	/usr/lib/system/libcorecrypto.dylib
0x000000000a49f000 	/usr/lib/system/libdispatch.dylib
0x000000000a49f000 	/usr/lib/system/libdyld.dylib
0x000000000a49f000 	/usr/lib/system/libkeymgr.dylib
0x000000000a49f000 	/usr/lib/system/liblaunch.dylib
0x000000000a49f000 	/usr/lib/system/libmacho.dylib
0x000000000a49f000 	/usr/lib/system/libquarantine.dylib
0x000000000a49f000 	/usr/lib/system/libremovefile.dylib
0x000000000a49f000 	/usr/lib/system/libsystem_asl.dylib
0x000000000a49f000 	/usr/lib/system/libsystem_blocks.dylib
0x000000000a49f000 	/usr/lib/system/libsystem_c.dylib
0x000000000a49f000 	/usr/lib/system/libsystem_configuration.dylib
0x000000000a49f000 	/usr/lib/system/libsystem_coreservices.dylib
0x000000000a49f000 	/usr/lib/system/libsystem_coretls.dylib
0x000000000a49f000 	/usr/lib/system/libsystem_dnssd.dylib
0x000000000a49f000 	/usr/lib/system/libsystem_info.dylib
0x000000000a49f000 	/usr/lib/system/libsystem_kernel.dylib
0x000000000a49f000 	/usr/lib/system/libsystem_m.dylib
0x000000000a49f000 	/usr/lib/system/libsystem_malloc.dylib
0x000000000a49f000 	/usr/lib/system/libsystem_network.dylib
0x000000000a49f000 	/usr/lib/system/libsystem_networkextension.dylib
0x000000000a49f000 	/usr/lib/system/libsystem_notify.dylib
0x000000000a49f000 	/usr/lib/system/libsystem_platform.dylib
0x000000000a49f000 	/usr/lib/system/libsystem_pthread.dylib
0x000000000a49f000 	/usr/lib/system/libsystem_sandbox.dylib
0x000000000a49f000 	/usr/lib/system/libsystem_secinit.dylib
0x000000000a49f000 	/usr/lib/system/libsystem_trace.dylib
0x000000000a49f000 	/usr/lib/system/libunc.dylib
0x000000000a49f000 	/usr/lib/system/libunwind.dylib
0x000000000a49f000 	/usr/lib/system/libxpc.dylib
0x000000000a49f000 	/usr/lib/libenergytrace.dylib
0x000000000a49f000 	/usr/lib/libbsm.0.dylib
0x000000000a49f000 	/usr/lib/system/libkxld.dylib
0x000000000a49f000 	/usr/lib/libxar.1.dylib
0x000000000a49f000 	/usr/lib/libsqlite3.dylib
0x000000000a49f000 	/usr/lib/libpam.2.dylib
0x000000000a49f000 	/usr/lib/libOpenScriptingUtil.dylib
0x000000000a49f000 	/usr/lib/libbz2.1.0.dylib
0x000000000a49f000 	/usr/lib/liblzma.5.dylib
0x000000000a49f000 	/System/Library/Frameworks/CoreServices.framework/Versions/A/Frameworks/FSEvents.framework/Versions/A/FSEvents
0x000000000a49f000 	/System/Library/Frameworks/CoreServices.framework/Versions/A/Frameworks/CarbonCore.framework/Versions/A/CarbonCore
0x000000000a49f000 	/System/Library/Frameworks/CoreServices.framework/Versions/A/Frameworks/Metadata.framework/Versions/A/Metadata
0x000000000a49f000 	/System/Library/Frameworks/CoreServices.framework/Versions/A/Frameworks/OSServices.framework/Versions/A/OSServices
0x000000000a49f000 	/System/Library/Frameworks/CoreServices.framework/Versions/A/Frameworks/SearchKit.framework/Versions/A/SearchKit
0x000000000a49f000 	/System/Library/Frameworks/CoreServices.framework/Versions/A/Frameworks/AE.framework/Versions/A/AE
0x000000000a49f000 	/System/Library/Frameworks/CoreServices.framework/Versions/A/Frameworks/LaunchServices.framework/Versions/A/LaunchServices
0x000000000a49f000 	/System/Library/Frameworks/CoreServices.framework/Versions/A/Frameworks/DictionaryServices.framework/Versions/A/DictionaryServices
0x000000000a49f000 	/System/Library/Frameworks/CoreServices.framework/Versions/A/Frameworks/SharedFileList.framework/Versions/A/SharedFileList
0x000000000a49f000 	/System/Library/Frameworks/NetFS.framework/Versions/A/NetFS
0x000000000a49f000 	/System/Library/PrivateFrameworks/NetAuth.framework/Versions/A/NetAuth
0x000000000a49f000 	/System/Library/PrivateFrameworks/login.framework/Versions/A/Frameworks/loginsupport.framework/Versions/A/loginsupport
0x000000000a49f000 	/System/Library/PrivateFrameworks/TCC.framework/Versions/A/TCC
0x000000000a49f000 	/usr/lib/libmecabra.dylib
0x000000000a49f000 	/System/Library/Frameworks/ApplicationServices.framework/Versions/A/Frameworks/ATS.framework/Versions/A/ATS
0x000000000a49f000 	/System/Library/Frameworks/ApplicationServices.framework/Versions/A/Frameworks/ColorSync.framework/Versions/A/ColorSync
0x000000000a49f000 	/System/Library/Frameworks/ApplicationServices.framework/Versions/A/Frameworks/HIServices.framework/Versions/A/HIServices
0x000000000a49f000 	/System/Library/Frameworks/ApplicationServices.framework/Versions/A/Frameworks/LangAnalysis.framework/Versions/A/LangAnalysis
0x000000000a49f000 	/System/Library/Frameworks/ApplicationServices.framework/Versions/A/Frameworks/PrintCore.framework/Versions/A/PrintCore
0x000000000a49f000 	/System/Library/Frameworks/ApplicationServices.framework/Versions/A/Frameworks/QD.framework/Versions/A/QD
0x000000000a49f000 	/System/Library/Frameworks/ApplicationServices.framework/Versions/A/Frameworks/SpeechSynthesis.framework/Versions/A/SpeechSynthesis
0x000000000a49f000 	/System/Library/Frameworks/Metal.framework/Versions/A/Metal
0x000000000a49f000 	/System/Library/Frameworks/Accelerate.framework/Versions/A/Frameworks/vImage.framework/Versions/A/vImage
0x000000000a49f000 	/System/Library/Frameworks/Accelerate.framework/Versions/A/Frameworks/vecLib.framework/Versions/A/vecLib
0x000000000a49f000 	/System/Library/Frameworks/Accelerate.framework/Versions/A/Frameworks/vecLib.framework/Versions/A/libvDSP.dylib
0x000000000a49f000 	/System/Library/Frameworks/Accelerate.framework/Versions/A/Frameworks/vecLib.framework/Versions/A/libvMisc.dylib
0x000000000a49f000 	/System/Library/Frameworks/Accelerate.framework/Versions/A/Frameworks/vecLib.framework/Versions/A/libLAPACK.dylib
0x000000000a49f000 	/System/Library/Frameworks/Accelerate.framework/Versions/A/Frameworks/vecLib.framework/Versions/A/libBLAS.dylib
0x000000000a49f000 	/System/Library/Frameworks/Accelerate.framework/Versions/A/Frameworks/vecLib.framework/Versions/A/libLinearAlgebra.dylib
0x000000000a49f000 	/System/Library/Frameworks/Accelerate.framework/Versions/A/Frameworks/vecLib.framework/Versions/A/libSparseBLAS.dylib
0x000000000a49f000 	/System/Library/PrivateFrameworks/GPUCompiler.framework/libmetal_timestamp.dylib
0x000000000a49f000 	/System/Library/Frameworks/OpenGL.framework/Versions/A/Libraries/libCoreFSCache.dylib
0x000000000a49f000 	/System/Library/PrivateFrameworks/IOAccelerator.framework/Versions/A/IOAccelerator
0x000000000a49f000 	/System/Library/Frameworks/ApplicationServices.framework/Versions/A/Frameworks/ATS.framework/Versions/A/Resources/libFontParser.dylib
0x000000000a49f000 	/System/Library/Frameworks/ApplicationServices.framework/Versions/A/Frameworks/ATS.framework/Versions/A/Resources/libFontRegistry.dylib
0x000000000a49f000 	/System/Library/PrivateFrameworks/AppleVPA.framework/Versions/A/AppleVPA
0x000000000a49f000 	/System/Library/PrivateFrameworks/AppleJPEG.framework/Versions/A/AppleJPEG
0x000000000a49f000 	/System/Library/Frameworks/ImageIO.framework/Versions/A/Resources/libJPEG.dylib
0x000000000a49f000 	/System/Library/Frameworks/ImageIO.framework/Versions/A/Resources/libTIFF.dylib
0x000000000a49f000 	/System/Library/Frameworks/ImageIO.framework/Versions/A/Resources/libPng.dylib
0x000000000a49f000 	/System/Library/Frameworks/ImageIO.framework/Versions/A/Resources/libGIF.dylib
0x000000000a49f000 	/System/Library/Frameworks/ImageIO.framework/Versions/A/Resources/libJP2.dylib
0x000000000a49f000 	/System/Library/Frameworks/ImageIO.framework/Versions/A/Resources/libRadiance.dylib
0x000000000a49f000 	/System/Library/Frameworks/CoreVideo.framework/Versions/A/CoreVideo
0x000000000a49f000 	/System/Library/Frameworks/OpenGL.framework/Versions/A/Libraries/libGLU.dylib
0x000000000a49f000 	/System/Library/Frameworks/OpenGL.framework/Versions/A/Libraries/libGFXShared.dylib
0x000000000a49f000 	/System/Library/Frameworks/OpenGL.framework/Versions/A/Libraries/libGL.dylib
0x000000000a49f000 	/System/Library/Frameworks/OpenGL.framework/Versions/A/Libraries/libGLImage.dylib
0x000000000a49f000 	/System/Library/Frameworks/OpenGL.framework/Versions/A/Libraries/libCVMSPluginSupport.dylib
0x000000000a49f000 	/System/Library/Frameworks/OpenGL.framework/Versions/A/Libraries/libCoreVMClient.dylib
0x000000000a49f000 	/usr/lib/libcups.2.dylib
0x000000000a49f000 	/System/Library/Frameworks/Kerberos.framework/Versions/A/Kerberos
0x000000000a49f000 	/System/Library/Frameworks/GSS.framework/Versions/A/GSS
0x000000000a49f000 	/usr/lib/libresolv.9.dylib
0x000000000a49f000 	/usr/lib/libiconv.2.dylib
0x000000000a49f000 	/System/Library/PrivateFrameworks/Heimdal.framework/Versions/A/Heimdal
0x000000000a49f000 	/usr/lib/libheimdal-asn1.dylib
0x000000000a49f000 	/System/Library/Frameworks/OpenDirectory.framework/Versions/A/OpenDirectory
0x000000000a49f000 	/System/Library/PrivateFrameworks/CommonAuth.framework/Versions/A/CommonAuth
0x000000000a49f000 	/System/Library/Frameworks/OpenDirectory.framework/Versions/A/Frameworks/CFOpenDirectory.framework/Versions/A/CFOpenDirectory
0x000000000a49f000 	/System/Library/Frameworks/SecurityFoundation.framework/Versions/A/SecurityFoundation
0x000000000a49f000 	/System/Library/PrivateFrameworks/LanguageModeling.framework/Versions/A/LanguageModeling
0x000000000a49f000 	/usr/lib/libmarisa.dylib
0x000000000a49f000 	/usr/lib/libChineseTokenizer.dylib
0x000000000a49f000 	/usr/lib/libcmph.dylib
0x000000000a49f000 	/usr/lib/libcompression.dylib
0x000000000a49f000 	/System/Library/Frameworks/ServiceManagement.framework/Versions/A/ServiceManagement
0x000000000a49f000 	/usr/lib/libxslt.1.dylib
0x000000000a49f000 	/System/Library/Frameworks/Carbon.framework/Versions/A/Frameworks/Ink.framework/Versions/A/Ink
0x000000000a49f000 	/usr/lib/libFosl_dynamic.dylib
0x000000000a49f000 	/System/Library/PrivateFrameworks/FaceCore.framework/Versions/A/FaceCore
0x000000000a49f000 	/System/Library/Frameworks/OpenCL.framework/Versions/A/OpenCL
0x000000000a49f000 	/System/Library/PrivateFrameworks/CrashReporterSupport.framework/Versions/A/CrashReporterSupport
0x000000000a49f000 	/System/Library/PrivateFrameworks/IconServices.framework/Versions/A/IconServices
0x000000000a49f000 	/System/Library/PrivateFrameworks/Apple80211.framework/Versions/A/Apple80211
0x000000000a49f000 	/System/Library/Frameworks/CoreWLAN.framework/Versions/A/CoreWLAN
0x000000000a49f000 	/System/Library/Frameworks/IOBluetooth.framework/Versions/A/IOBluetooth
0x000000000a49f000 	/System/Library/PrivateFrameworks/CoreWiFi.framework/Versions/A/CoreWiFi
0x000000000a49f000 	/System/Library/Frameworks/CoreBluetooth.framework/Versions/A/CoreBluetooth
0x000000000a49f000 	/System/Library/PrivateFrameworks/ChunkingLibrary.framework/Versions/A/ChunkingLibrary
0x000000000a49f000 	/System/Library/PrivateFrameworks/DebugSymbols.framework/Versions/A/DebugSymbols
0x000000000a49f000 	/System/Library/PrivateFrameworks/CoreSymbolication.framework/Versions/A/CoreSymbolication
0x000000000a49f000 	/System/Library/PrivateFrameworks/Symbolication.framework/Versions/A/Symbolication
0x000000000a49f000 	/System/Library/PrivateFrameworks/SpeechRecognitionCore.framework/Versions/A/SpeechRecognitionCore
0x000000010da66000 	/System/Library/CoreServices/Encodings/libSimplifiedChineseConverter.dylib
0x000000010daaa000 	/Library/Java/JavaVirtualMachines/jdk1.8.0_91.jdk/Contents/Home/jre/lib/server/libjvm.dylib
0x000000000a49f000 	/usr/lib/libstdc++.6.dylib
0x000000010ea3e000 	/Library/Java/JavaVirtualMachines/jdk1.8.0_91.jdk/Contents/Home/jre/lib/libverify.dylib
0x000000010ea4c000 	/Library/Java/JavaVirtualMachines/jdk1.8.0_91.jdk/Contents/Home/jre/lib/libjava.dylib
0x000000010ea8b000 	/Library/Java/JavaVirtualMachines/jdk1.8.0_91.jdk/Contents/Home/jre/lib/libzip.dylib
0x00000001226a3000 	/System/Library/Frameworks/JavaVM.framework/Frameworks/JavaRuntimeSupport.framework/JavaRuntimeSupport
0x00000001226be000 	/System/Library/Frameworks/JavaVM.framework/Versions/A/Frameworks/JavaNativeFoundation.framework/Versions/A/JavaNativeFoundation
0x000000010ebef000 	/System/Library/Frameworks/JavaVM.framework/Versions/A/JavaVM
0x000000000a49f000 	/System/Library/Frameworks/Carbon.framework/Versions/A/Carbon
0x00000001226d3000 	/System/Library/PrivateFrameworks/JavaLaunching.framework/Versions/A/JavaLaunching
0x000000000a49f000 	/System/Library/Frameworks/Carbon.framework/Versions/A/Frameworks/CommonPanels.framework/Versions/A/CommonPanels
0x000000000a49f000 	/System/Library/Frameworks/Carbon.framework/Versions/A/Frameworks/Help.framework/Versions/A/Help
0x000000000a49f000 	/System/Library/Frameworks/Carbon.framework/Versions/A/Frameworks/ImageCapture.framework/Versions/A/ImageCapture
0x000000000a49f000 	/System/Library/Frameworks/Carbon.framework/Versions/A/Frameworks/OpenScripting.framework/Versions/A/OpenScripting
0x000000000a49f000 	/System/Library/Frameworks/Carbon.framework/Versions/A/Frameworks/Print.framework/Versions/A/Print
0x000000000a49f000 	/System/Library/Frameworks/Carbon.framework/Versions/A/Frameworks/SecurityHI.framework/Versions/A/SecurityHI

VM Arguments:
jvm_args: -Djava.awt.headless=true -Xmx1024M -Dfile.encoding=UTF-8 -Duser.country=CN -Duser.language=zh -Duser.variant 
java_command: com.android.dx.command.Main --dex --force-jumbo --num-threads=4 --multi-dex --output /Users/lanouhn/Desktop/androidhighday/SingOriginal/app/build/intermediates/transforms/dex/debug/folders/1000/10/picasso-2.5.2_63744c9ecd5d0af4b282498b88d454efd415d4ab /Users/lanouhn/.gradle/caches/modules-2/files-2.1/com.squareup.picasso/picasso/2.5.2/7446d06ec8d4f7ffcc53f1da37c95f200dcb9387/picasso-2.5.2.jar
java_class_path (initial): /Users/lanouhn/Library/Android/sdk/build-tools/24.0.0/lib/dx.jar
Launcher Type: SUN_STANDARD

Environment Variables:
PATH=/usr/bin:/bin:/usr/sbin:/sbin
SHELL=/bin/bash

Signal Handlers:
SIGSEGV: [libjvm.dylib+0x5a97a1], sa_mask[0]=11111111011111110111111111111111, sa_flags=SA_ONSTACK|SA_RESTART|SA_SIGINFO
SIGBUS: [libjvm.dylib+0x5a97a1], sa_mask[0]=11111111011111110111111111111111, sa_flags=SA_RESTART|SA_SIGINFO
SIGFPE: [libjvm.dylib+0x482594], sa_mask[0]=11111111011111110111111111111111, sa_flags=SA_RESTART|SA_SIGINFO
SIGPIPE: [libjvm.dylib+0x482594], sa_mask[0]=11111111011111110111111111111111, sa_flags=SA_RESTART|SA_SIGINFO
SIGXFSZ: [libjvm.dylib+0x482594], sa_mask[0]=11111111011111110111111111111111, sa_flags=SA_RESTART|SA_SIGINFO
SIGILL: [libjvm.dylib+0x482594], sa_mask[0]=11111111011111110111111111111111, sa_flags=SA_RESTART|SA_SIGINFO
SIGUSR1: SIG_DFL, sa_mask[0]=00000000000000000000000000000000, sa_flags=none
SIGUSR2: [libjvm.dylib+0x4820b2], sa_mask[0]=00100000000000000000000000000000, sa_flags=SA_RESTART|SA_SIGINFO
SIGHUP: [libjvm.dylib+0x480689], sa_mask[0]=11111111011111110111111111111111, sa_flags=SA_RESTART|SA_SIGINFO
SIGINT: [libjvm.dylib+0x480689], sa_mask[0]=11111111011111110111111111111111, sa_flags=SA_RESTART|SA_SIGINFO
SIGTERM: [libjvm.dylib+0x480689], sa_mask[0]=11111111011111110111111111111111, sa_flags=SA_RESTART|SA_SIGINFO
SIGQUIT: [libjvm.dylib+0x480689], sa_mask[0]=11111111011111110111111111111111, sa_flags=SA_RESTART|SA_SIGINFO


---------------  S Y S T E M  ---------------

OS:Bsduname:Darwin 15.4.0 Darwin Kernel Version 15.4.0: Fri Feb 26 22:08:05 PST 2016; root:xnu-3248.40.184~3/RELEASE_X86_64 x86_64
rlimit: STACK 8192k, CORE 0k, NPROC 709, NOFILE 10240, AS infinity
load average:23.76 13.63 7.01

CPU:total 4 (2 cores per cpu, 2 threads per core) family 6 model 58 stepping 9, cmov, cx8, fxsr, mmx, sse, sse2, sse3, ssse3, sse4.1, sse4.2, popcnt, avx, aes, clmul, erms, ht, tsc, tscinvbit, tscinv

Memory: 4k page, physical 8388608k(325884k free)

/proc/meminfo:


vm_info: Java HotSpot(TM) 64-Bit Server VM (25.91-b14) for bsd-amd64 JRE (1.8.0_91-b14), built on Apr  1 2016 01:03:00 by "java_re" with gcc 4.2.1 (Based on Apple Inc. build 5658) (LLVM build 2336.11.00)

time: Thu Jul 28 09:14:07 2016
elapsed time: 3 seconds (0d 0h 0m 3s)

