#
# A fatal error has been detected by the Java Runtime Environment:
#
#  SIGSEGV (0xb) at pc=0x000000010d67d00b, pid=958, tid=20231
#
# JRE version: Java(TM) SE Runtime Environment (8.0_91-b14) (build 1.8.0_91-b14)
# Java VM: Java HotSpot(TM) 64-Bit Server VM (25.91-b14 mixed mode bsd-amd64 compressed oops)
# Problematic frame:
# V  [libjvm.dylib+0x3ad00b]  Klass::external_name() const+0x1d
#
# Failed to write core dump. Core dumps have been disabled. To enable core dumping, try "ulimit -c unlimited" before starting Java again
#
# If you would like to submit a bug report, please visit:
#   http://bugreport.java.com/bugreport/crash.jsp
#

---------------  T H R E A D  ---------------

Current thread (0x00007fad030ab800):  JavaThread "pool-1-thread-1" [_thread_in_vm, id=20231, stack(0x0000700000932000,0x0000700000a32000)]

siginfo: si_signo: 11 (SIGSEGV), si_code: 1 (SEGV_MAPERR), si_addr: 0x0000000000000008

Registers:
RAX=0xa2005f65cdf77057, RBX=0x00007fad030ab800, RCX=0x00007fad02f1cb03, RDX=0x0000000000000001
RSP=0x0000700000a30cd0, RBP=0x0000700000a30d20, RSI=0x0000000781208638, RDI=0x0000000000000000
R8 =0x0000000000000002, R9 =0x00000007ba7fa7f0, R10=0x00000007ba7fbac0, R11=0x00000007ba7fbaa8
R12=0x0000000000000000, R13=0x00000007ba7fa7f0, R14=0x0000700000a31500, R15=0x00007fad030ab800
RIP=0x000000010d67d00b, EFLAGS=0x0000000000010202, ERR=0x0000000000000004
  TRAPNO=0x000000000000000e

Top of Stack: (sp=0x0000700000a30cd0)
0x0000700000a30cd0:   0000000120958500 00007fad030ab800
0x0000700000a30ce0:   000000010ecfe800 0000700000a30d90
0x0000700000a30cf0:   000000010ecfe8c7 a2005f65cdf77057
0x0000700000a30d00:   00007fad030ab800 0000000000000000
0x0000700000a30d10:   0000700000a31500 00007fad030ab800
0x0000700000a30d20:   0000700000a30d70 000000010d411c43
0x0000700000a30d30:   00007fad02c2ca50 00007fad02f1c740
0x0000700000a30d40:   00007fad02f1c750 00007fad02f1cb28
0x0000700000a30d50:   00000000000003d8 00007fad030ab800
0x0000700000a30d60:   00007fad030ab800 0000000120ab46a8
0x0000700000a30d70:   0000700000a30f50 000000010ecfc59e
0x0000700000a30d80:   000070000000005a 006d006f00430074
0x0000700000a30d90:   00000000f0268d97 00000000f0268d97
0x0000700000a30da0:   00000000f7276c0a 00000007ba76b358
0x0000700000a30db0:   632f706f722f7864 6365705372657473
0x0000700000a30dc0:   642f64696f72646e 73696765522f6564
0x0000700000a30dd0:   0000000000000000 0000000000000000
0x0000700000a30de0:   0000000000000000 0000000000000000
0x0000700000a30df0:   0000000000000000 0000000000000000
0x0000700000a30e00:   0000000000000000 00000007812f6e60
0x0000700000a30e10:   0000000120a962d0 0000000120a962d0
0x0000700000a30e20:   0000000000000000 00007fad030ab800
0x0000700000a30e30:   0000000000000000 0000700000a30ee0
0x0000700000a30e40:   0000700000a314c8 000000010f2a83a4
0x0000700000a30e50:   0000000100000000 0000700000a310b0
0x0000700000a30e60:   00007000fb23b4af 00000007b93b6010
0x0000700000a30e70:   00007fad030ab800 0000000120a961b8
0x0000700000a30e80:   00007fad030ab800 0000000120a961b8
0x0000700000a30e90:   0000000120a961b8 0000000120a961b8
0x0000700000a30ea0:   0000700000a314c8 000000010f2a83a4
0x0000700000a30eb0:   0000000000000000 00000007ba926c08
0x0000700000a30ec0:   0000700000a31500 00000000fffffffc 

Instructions: (pc=0x000000010d67d00b)
0x000000010d67cfeb:   fa 17 00 55 48 89 e5 41 57 41 56 41 54 53 48 83
0x000000010d67cffb:   ec 30 48 8b 05 44 62 45 00 48 8b 00 48 89 45 d8
0x000000010d67d00b:   83 7f 08 00 48 89 fb 0f 8e c3 00 00 00 0f b7 83
0x000000010d67d01b:   0e 01 00 00 a8 08 0f 84 b4 00 00 00 48 8b 7b 68 

Register to memory mapping:

RAX=0xa2005f65cdf77057 is an unknown value
RBX=0x00007fad030ab800 is a thread
RCX=0x00007fad02f1cb03 is an unknown value
RDX=0x0000000000000001 is an unknown value
RSP=0x0000700000a30cd0 is pointing into the stack for thread: 0x00007fad030ab800
RBP=0x0000700000a30d20 is pointing into the stack for thread: 0x00007fad030ab800
RSI=0x0000000781208638 is pointing into object: 0x0000000781208558
[I 
 - klass: {type array int}
 - length: 198
RDI=0x0000000000000000 is an unknown value
R8 =0x0000000000000002 is an unknown value
R9 =0x00000007ba7fa7f0 is an oop
com.android.dx.dex.code.OutputFinisher 
 - klass: 'com/android/dx/dex/code/OutputFinisher'
R10=0x00000007ba7fbac0 is an oop
[Ljava.lang.Object; 
 - klass: 'java/lang/Object'[]
 - length: 2
R11=0x00000007ba7fbaa8 is an oop
com.android.dx.rop.code.RegisterSpecList 
 - klass: 'com/android/dx/rop/code/RegisterSpecList'
R12=0x0000000000000000 is an unknown value
R13=0x00000007ba7fa7f0 is an oop
com.android.dx.dex.code.OutputFinisher 
 - klass: 'com/android/dx/dex/code/OutputFinisher'
R14=0x0000700000a31500 is pointing into the stack for thread: 0x00007fad030ab800
R15=0x00007fad030ab800 is a thread


Stack: [0x0000700000932000,0x0000700000a32000],  sp=0x0000700000a30cd0,  free space=1019k
Native frames: (J=compiled Java code, j=interpreted, Vv=VM code, C=native code)
V  [libjvm.dylib+0x3ad00b]  Klass::external_name() const+0x1d
V  [libjvm.dylib+0x141c43]  Runtime1::throw_class_cast_exception(JavaThread*, oopDesc*)+0x73
v  ~RuntimeStub::throw_class_cast_exception Runtime1 stub
J 3016 C1 com.android.dx.dex.code.form.Form35c.wordCount(Lcom/android/dx/rop/code/RegisterSpecList;)I (74 bytes) @ 0x000000010f4a1279 [0x000000010f4a07a0+0xad9]
J 2838 C1 com.android.dx.dex.code.form.Form35c.isCompatible(Lcom/android/dx/dex/code/DalvInsn;)Z (72 bytes) @ 0x000000010f40fa84 [0x000000010f40f8e0+0x1a4]
J 2793 C1 com.android.dx.dex.code.OutputFinisher.findOpcodeForInsn(Lcom/android/dx/dex/code/DalvInsn;Lcom/android/dx/dex/code/Dop;)Lcom/android/dx/dex/code/Dop; (51 bytes) @ 0x000000010f3f877c [0x000000010f3f86e0+0x9c]
J 2887 C1 com.android.dx.dex.code.OutputFinisher.calculateReservedCount([Lcom/android/dx/dex/code/Dop;)I (122 bytes) @ 0x000000010f436e24 [0x000000010f436ac0+0x364]
J 2920 C1 com.android.dx.dex.code.OutputFinisher.reserveRegisters([Lcom/android/dx/dex/code/Dop;)Z (119 bytes) @ 0x000000010f45199c [0x000000010f451900+0x9c]
J 2899 C1 com.android.dx.dex.code.OutputFinisher.finishProcessingAndGetList()Lcom/android/dx/dex/code/DalvInsnList; (74 bytes) @ 0x000000010f445bac [0x000000010f445b20+0x8c]
J 2964 C1 com.android.dx.dex.code.DalvCode.finishProcessingIfNecessary()V (69 bytes) @ 0x000000010f46a7ac [0x000000010f46a720+0x8c]
J 2895 C1 com.android.dx.dex.file.CodeItem.place0(Lcom/android/dx/dex/file/Section;I)V (88 bytes) @ 0x000000010f4444d4 [0x000000010f4442c0+0x214]
J 2776 C1 com.android.dx.dex.file.OffsettedItem.place(Lcom/android/dx/dex/file/Section;I)I (78 bytes) @ 0x000000010f3ef38c [0x000000010f3ef2c0+0xcc]
j  com.android.dx.dex.file.MixedItemSection.placeItems()V+94
j  com.android.dx.dex.file.DexFile.toDex0(ZZ)Lcom/android/dx/util/ByteArrayAnnotatedOutput;+195
j  com.android.dx.dex.file.DexFile.toDex(Ljava/io/Writer;Z)[B+13
j  com.android.dx.command.dexer.Main.writeDex(Lcom/android/dx/dex/file/DexFile;)[B+44
j  com.android.dx.command.dexer.Main.access$3000(Lcom/android/dx/dex/file/DexFile;)[B+1
j  com.android.dx.command.dexer.Main$DexWriter.call()[B+4
j  com.android.dx.command.dexer.Main$DexWriter.call()Ljava/lang/Object;+1
J 2378 C1 java.util.concurrent.FutureTask.run()V (126 bytes) @ 0x000000010f2b7e6c [0x000000010f2b7d80+0xec]
j  java.util.concurrent.ThreadPoolExecutor.runWorker(Ljava/util/concurrent/ThreadPoolExecutor$Worker;)V+95
j  java.util.concurrent.ThreadPoolExecutor$Worker.run()V+5
j  java.lang.Thread.run()V+11
v  ~StubRoutines::call_stub
V  [libjvm.dylib+0x2ec1e6]  JavaCalls::call_helper(JavaValue*, methodHandle*, JavaCallArguments*, Thread*)+0x6ae
V  [libjvm.dylib+0x2ec974]  JavaCalls::call_virtual(JavaValue*, KlassHandle, Symbol*, Symbol*, JavaCallArguments*, Thread*)+0x164
V  [libjvm.dylib+0x2ecb20]  JavaCalls::call_virtual(JavaValue*, Handle, KlassHandle, Symbol*, Symbol*, Thread*)+0x4a
V  [libjvm.dylib+0x34726d]  thread_entry(JavaThread*, Thread*)+0x7c
V  [libjvm.dylib+0x563d17]  JavaThread::thread_main_inner()+0x9b
V  [libjvm.dylib+0x565412]  JavaThread::run()+0x1c2
V  [libjvm.dylib+0x484f82]  java_start(Thread*)+0xf6
C  [libsystem_pthread.dylib+0x399d]  _pthread_body+0x83
C  [libsystem_pthread.dylib+0x391a]  _pthread_body+0x0
C  [libsystem_pthread.dylib+0x1351]  thread_start+0xd
C  0x0000000000000000

Java frames: (J=compiled Java code, j=interpreted, Vv=VM code)
v  ~RuntimeStub::throw_class_cast_exception Runtime1 stub
J 3016 C1 com.android.dx.dex.code.form.Form35c.wordCount(Lcom/android/dx/rop/code/RegisterSpecList;)I (74 bytes) @ 0x000000010f4a1279 [0x000000010f4a07a0+0xad9]
J 2838 C1 com.android.dx.dex.code.form.Form35c.isCompatible(Lcom/android/dx/dex/code/DalvInsn;)Z (72 bytes) @ 0x000000010f40fa84 [0x000000010f40f8e0+0x1a4]
J 2793 C1 com.android.dx.dex.code.OutputFinisher.findOpcodeForInsn(Lcom/android/dx/dex/code/DalvInsn;Lcom/android/dx/dex/code/Dop;)Lcom/android/dx/dex/code/Dop; (51 bytes) @ 0x000000010f3f877c [0x000000010f3f86e0+0x9c]
J 2887 C1 com.android.dx.dex.code.OutputFinisher.calculateReservedCount([Lcom/android/dx/dex/code/Dop;)I (122 bytes) @ 0x000000010f436e24 [0x000000010f436ac0+0x364]
J 2920 C1 com.android.dx.dex.code.OutputFinisher.reserveRegisters([Lcom/android/dx/dex/code/Dop;)Z (119 bytes) @ 0x000000010f45199c [0x000000010f451900+0x9c]
J 2899 C1 com.android.dx.dex.code.OutputFinisher.finishProcessingAndGetList()Lcom/android/dx/dex/code/DalvInsnList; (74 bytes) @ 0x000000010f445bac [0x000000010f445b20+0x8c]
J 2964 C1 com.android.dx.dex.code.DalvCode.finishProcessingIfNecessary()V (69 bytes) @ 0x000000010f46a7ac [0x000000010f46a720+0x8c]
J 2895 C1 com.android.dx.dex.file.CodeItem.place0(Lcom/android/dx/dex/file/Section;I)V (88 bytes) @ 0x000000010f4444d4 [0x000000010f4442c0+0x214]
J 2776 C1 com.android.dx.dex.file.OffsettedItem.place(Lcom/android/dx/dex/file/Section;I)I (78 bytes) @ 0x000000010f3ef38c [0x000000010f3ef2c0+0xcc]
j  com.android.dx.dex.file.MixedItemSection.placeItems()V+94
j  com.android.dx.dex.file.DexFile.toDex0(ZZ)Lcom/android/dx/util/ByteArrayAnnotatedOutput;+195
j  com.android.dx.dex.file.DexFile.toDex(Ljava/io/Writer;Z)[B+13
j  com.android.dx.command.dexer.Main.writeDex(Lcom/android/dx/dex/file/DexFile;)[B+44
j  com.android.dx.command.dexer.Main.access$3000(Lcom/android/dx/dex/file/DexFile;)[B+1
j  com.android.dx.command.dexer.Main$DexWriter.call()[B+4
j  com.android.dx.command.dexer.Main$DexWriter.call()Ljava/lang/Object;+1
J 2378 C1 java.util.concurrent.FutureTask.run()V (126 bytes) @ 0x000000010f2b7e6c [0x000000010f2b7d80+0xec]
j  java.util.concurrent.ThreadPoolExecutor.runWorker(Ljava/util/concurrent/ThreadPoolExecutor$Worker;)V+95
j  java.util.concurrent.ThreadPoolExecutor$Worker.run()V+5
j  java.lang.Thread.run()V+11
v  ~StubRoutines::call_stub

---------------  P R O C E S S  ---------------

Java Threads: ( => current thread )
=>0x00007fad030ab800 JavaThread "pool-1-thread-1" [_thread_in_vm, id=20231, stack(0x0000700000932000,0x0000700000a32000)]
  0x00007fad0305b000 JavaThread "Service Thread" daemon [_thread_blocked, id=18691, stack(0x0000700000e44000,0x0000700000f44000)]
  0x00007fad0381a000 JavaThread "C1 CompilerThread2" daemon [_thread_blocked, id=18179, stack(0x0000700000d41000,0x0000700000e41000)]
  0x00007fad0401b800 JavaThread "C2 CompilerThread1" daemon [_thread_in_native, id=17667, stack(0x0000700000c3e000,0x0000700000d3e000)]
  0x00007fad04834000 JavaThread "C2 CompilerThread0" daemon [_thread_in_native, id=17155, stack(0x0000700000b3b000,0x0000700000c3b000)]
  0x00007fad04833800 JavaThread "Signal Dispatcher" daemon [_thread_blocked, id=12815, stack(0x0000700000a38000,0x0000700000b38000)]
  0x00007fad04016000 JavaThread "Finalizer" daemon [_thread_blocked, id=11779, stack(0x000070000082f000,0x000070000092f000)]
  0x00007fad0380c800 JavaThread "Reference Handler" daemon [_thread_blocked, id=11267, stack(0x000070000072c000,0x000070000082c000)]
  0x00007fad04802000 JavaThread "main" [_thread_blocked, id=4099, stack(0x0000700000084000,0x0000700000184000)]

Other Threads:
  0x00007fad04015800 VMThread [stack: 0x0000700000629000,0x0000700000729000] [id=10755]
  0x00007fad0381a800 WatcherThread [stack: 0x0000700000f47000,0x0000700001047000] [id=19203]

VM state:not at safepoint (normal execution)

VM Mutex/Monitor currently owned by a thread: None

Heap:
 PSYoungGen      total 234496K, used 33451K [0x00000007aab00000, 0x00000007bba00000, 0x00000007c0000000)
  eden space 202240K, 2% used [0x00000007aab00000,0x00000007aaf76888,0x00000007b7080000)
  from space 32256K, 89% used [0x00000007b9380000,0x00000007bafb4600,0x00000007bb300000)
  to   space 35840K, 0% used [0x00000007b7080000,0x00000007b7080000,0x00000007b9380000)
 ParOldGen       total 87552K, used 51195K [0x0000000780000000, 0x0000000785580000, 0x00000007aab00000)
  object space 87552K, 58% used [0x0000000780000000,0x00000007831fee00,0x0000000785580000)
 Metaspace       used 6831K, capacity 7544K, committed 7680K, reserved 1056768K
  class space    used 637K, capacity 688K, committed 768K, reserved 1048576K

Card table byte_map: [0x000000011dfc0000,0x000000011e1c1000] byte_map_base: 0x000000011a3c0000

Marking Bits: (ParMarkBitMap*) 0x000000010dbb6eb0
 Begin Bits: [0x000000011e317000, 0x000000011f317000)
 End Bits:   [0x000000011f317000, 0x0000000120317000)

Polling page: 0x000000010e2a7000

CodeCache: size=245760Kb used=8860Kb max_used=8860Kb free=236900Kb
 bounds [0x000000010ec00000, 0x000000010f4b0000, 0x000000011dc00000]
 total_blobs=2800 nmethods=2531 adapters=182
 compilation: enabled

Compilation events (10 events):
Event: 16.245 Thread 0x00007fad0381a000 3025       3       java.util.Arrays::fill (21 bytes)
Event: 16.245 Thread 0x00007fad0381a000 nmethod 3025 0x000000010f4a4d90 code [0x000000010f4a4f00, 0x000000010f4a50f0]
Event: 16.454 Thread 0x00007fad0381a000 3026       2       com.android.dx.dex.code.form.Form22t::compatibleRegs (48 bytes)
Event: 16.454 Thread 0x00007fad0381a000 nmethod 3026 0x000000010f4a4510 code [0x000000010f4a46e0, 0x000000010f4a4a68]
Event: 16.454 Thread 0x00007fad0381a000 3027 %     3       com.android.dx.dex.code.OutputFinisher::reserveRegisters @ 54 (119 bytes)
Event: 16.456 Thread 0x00007fad0381a000 nmethod 3027% 0x000000010f4a2a10 code [0x000000010f4a2c60, 0x000000010f4a3af8]
Event: 16.508 Thread 0x00007fad0381a000 3028       3       com.android.dx.dex.code.LocalList$MakeState::snapshot (110 bytes)
Event: 16.509 Thread 0x00007fad0381a000 nmethod 3028 0x000000010f4ab350 code [0x000000010f4ab5e0, 0x000000010f4ac718]
Event: 16.565 Thread 0x00007fad0381a000 3030       2       com.android.dx.rop.cst.CstLiteral64::fitsInInt (20 bytes)
Event: 16.566 Thread 0x00007fad0381a000 nmethod 3030 0x000000010f4a26d0 code [0x000000010f4a2820, 0x000000010f4a2990]

GC Heap History (10 events):
Event: 6.740 GC heap before
{Heap before GC invocations=6 (full 0):
 PSYoungGen      total 38400K, used 38386K [0x00000007aab00000, 0x00000007b0700000, 0x00000007c0000000)
  eden space 33280K, 100% used [0x00000007aab00000,0x00000007acb80000,0x00000007acb80000)
  from space 5120K, 99% used [0x00000007acb80000,0x00000007ad07c8f0,0x00000007ad080000)
  to   space 13824K, 0% used [0x00000007af980000,0x00000007af980000,0x00000007b0700000)
 ParOldGen       total 87552K, used 19395K [0x0000000780000000, 0x0000000785580000, 0x00000007aab00000)
  object space 87552K, 22% used [0x0000000780000000,0x00000007812f0c90,0x0000000785580000)
 Metaspace       used 6067K, capacity 6960K, committed 7040K, reserved 1056768K
  class space    used 598K, capacity 616K, committed 640K, reserved 1048576K
Event: 6.775 GC heap after
Heap after GC invocations=6 (full 0):
 PSYoungGen      total 80384K, used 9938K [0x00000007aab00000, 0x00000007b0700000, 0x00000007c0000000)
  eden space 66560K, 0% used [0x00000007aab00000,0x00000007aab00000,0x00000007aec00000)
  from space 13824K, 71% used [0x00000007af980000,0x00000007b03348f0,0x00000007b0700000)
  to   space 13824K, 0% used [0x00000007aec00000,0x00000007aec00000,0x00000007af980000)
 ParOldGen       total 87552K, used 19395K [0x0000000780000000, 0x0000000785580000, 0x00000007aab00000)
  object space 87552K, 22% used [0x0000000780000000,0x00000007812f0c90,0x0000000785580000)
 Metaspace       used 6067K, capacity 6960K, committed 7040K, reserved 1056768K
  class space    used 598K, capacity 616K, committed 640K, reserved 1048576K
}
Event: 7.841 GC heap before
{Heap before GC invocations=7 (full 0):
 PSYoungGen      total 80384K, used 76498K [0x00000007aab00000, 0x00000007b0700000, 0x00000007c0000000)
  eden space 66560K, 100% used [0x00000007aab00000,0x00000007aec00000,0x00000007aec00000)
  from space 13824K, 71% used [0x00000007af980000,0x00000007b03348f0,0x00000007b0700000)
  to   space 13824K, 0% used [0x00000007aec00000,0x00000007aec00000,0x00000007af980000)
 ParOldGen       total 87552K, used 19395K [0x0000000780000000, 0x0000000785580000, 0x00000007aab00000)
  object space 87552K, 22% used [0x0000000780000000,0x00000007812f0c90,0x0000000785580000)
 Metaspace       used 6137K, capacity 7024K, committed 7296K, reserved 1056768K
  class space    used 598K, capacity 616K, committed 640K, reserved 1048576K
Event: 7.882 GC heap after
Heap after GC invocations=7 (full 0):
 PSYoungGen      total 80384K, used 13808K [0x00000007aab00000, 0x00000007b5200000, 0x00000007c0000000)
  eden space 66560K, 0% used [0x00000007aab00000,0x00000007aab00000,0x00000007aec00000)
  from space 13824K, 99% used [0x00000007aec00000,0x00000007af97c030,0x00000007af980000)
  to   space 18944K, 0% used [0x00000007b3f80000,0x00000007b3f80000,0x00000007b5200000)
 ParOldGen       total 87552K, used 26152K [0x0000000780000000, 0x0000000785580000, 0x00000007aab00000)
  object space 87552K, 29% used [0x0000000780000000,0x000000078198a3b8,0x0000000785580000)
 Metaspace       used 6137K, capacity 7024K, committed 7296K, reserved 1056768K
  class space    used 598K, capacity 616K, committed 640K, reserved 1048576K
}
Event: 8.780 GC heap before
{Heap before GC invocations=8 (full 0):
 PSYoungGen      total 80384K, used 80368K [0x00000007aab00000, 0x00000007b5200000, 0x00000007c0000000)
  eden space 66560K, 100% used [0x00000007aab00000,0x00000007aec00000,0x00000007aec00000)
  from space 13824K, 99% used [0x00000007aec00000,0x00000007af97c030,0x00000007af980000)
  to   space 18944K, 0% used [0x00000007b3f80000,0x00000007b3f80000,0x00000007b5200000)
 ParOldGen       total 87552K, used 26152K [0x0000000780000000, 0x0000000785580000, 0x00000007aab00000)
  object space 87552K, 29% used [0x0000000780000000,0x000000078198a3b8,0x0000000785580000)
 Metaspace       used 6338K, capacity 7192K, committed 7424K, reserved 1056768K
  class space    used 619K, capacity 656K, committed 768K, reserved 1048576K
Event: 8.821 GC heap after
Heap after GC invocations=8 (full 0):
 PSYoungGen      total 147456K, used 18920K [0x00000007aab00000, 0x00000007b5b00000, 0x00000007c0000000)
  eden space 128512K, 0% used [0x00000007aab00000,0x00000007aab00000,0x00000007b2880000)
  from space 18944K, 99% used [0x00000007b3f80000,0x00000007b51fa278,0x00000007b5200000)
  to   space 23552K, 0% used [0x00000007b2880000,0x00000007b2880000,0x00000007b3f80000)
 ParOldGen       total 87552K, used 30731K [0x0000000780000000, 0x0000000785580000, 0x00000007aab00000)
  object space 87552K, 35% used [0x0000000780000000,0x0000000781e02cf8,0x0000000785580000)
 Metaspace       used 6338K, capacity 7192K, committed 7424K, reserved 1056768K
  class space    used 619K, capacity 656K, committed 768K, reserved 1048576K
}
Event: 11.144 GC heap before
{Heap before GC invocations=9 (full 0):
 PSYoungGen      total 147456K, used 147432K [0x00000007aab00000, 0x00000007b5b00000, 0x00000007c0000000)
  eden space 128512K, 100% used [0x00000007aab00000,0x00000007b2880000,0x00000007b2880000)
  from space 18944K, 99% used [0x00000007b3f80000,0x00000007b51fa278,0x00000007b5200000)
  to   space 23552K, 0% used [0x00000007b2880000,0x00000007b2880000,0x00000007b3f80000)
 ParOldGen       total 87552K, used 30731K [0x0000000780000000, 0x0000000785580000, 0x00000007aab00000)
  object space 87552K, 35% used [0x0000000780000000,0x0000000781e02cf8,0x0000000785580000)
 Metaspace       used 6445K, capacity 7192K, committed 7424K, reserved 1056768K
  class space    used 619K, capacity 656K, committed 768K, reserved 1048576K
Event: 11.217 GC heap after
Heap after GC invocations=9 (full 0):
 PSYoungGen      total 152064K, used 23535K [0x00000007aab00000, 0x00000007bb300000, 0x00000007c0000000)
  eden space 128512K, 0% used [0x00000007aab00000,0x00000007aab00000,0x00000007b2880000)
  from space 23552K, 99% used [0x00000007b2880000,0x00000007b3f7bff0,0x00000007b3f80000)
  to   space 32256K, 0% used [0x00000007b9380000,0x00000007b9380000,0x00000007bb300000)
 ParOldGen       total 87552K, used 43777K [0x0000000780000000, 0x0000000785580000, 0x00000007aab00000)
  object space 87552K, 50% used [0x0000000780000000,0x0000000782ac06f0,0x0000000785580000)
 Metaspace       used 6445K, capacity 7192K, committed 7424K, reserved 1056768K
  class space    used 619K, capacity 656K, committed 768K, reserved 1048576K
}
Event: 15.956 GC heap before
{Heap before GC invocations=10 (full 0):
 PSYoungGen      total 152064K, used 152047K [0x00000007aab00000, 0x00000007bb300000, 0x00000007c0000000)
  eden space 128512K, 100% used [0x00000007aab00000,0x00000007b2880000,0x00000007b2880000)
  from space 23552K, 99% used [0x00000007b2880000,0x00000007b3f7bff0,0x00000007b3f80000)
  to   space 32256K, 0% used [0x00000007b9380000,0x00000007b9380000,0x00000007bb300000)
 ParOldGen       total 87552K, used 43777K [0x0000000780000000, 0x0000000785580000, 0x00000007aab00000)
  object space 87552K, 50% used [0x0000000780000000,0x0000000782ac06f0,0x0000000785580000)
 Metaspace       used 6829K, capacity 7544K, committed 7680K, reserved 1056768K
  class space    used 637K, capacity 688K, committed 768K, reserved 1048576K
Event: 16.030 GC heap after
Heap after GC invocations=10 (full 0):
 PSYoungGen      total 234496K, used 28881K [0x00000007aab00000, 0x00000007bba00000, 0x00000007c0000000)
  eden space 202240K, 0% used [0x00000007aab00000,0x00000007aab00000,0x00000007b7080000)
  from space 32256K, 89% used [0x00000007b9380000,0x00000007bafb4600,0x00000007bb300000)
  to   space 35840K, 0% used [0x00000007b7080000,0x00000007b7080000,0x00000007b9380000)
 ParOldGen       total 87552K, used 51195K [0x0000000780000000, 0x0000000785580000, 0x00000007aab00000)
  object space 87552K, 58% used [0x0000000780000000,0x00000007831fee00,0x0000000785580000)
 Metaspace       used 6829K, capacity 7544K, committed 7680K, reserved 1056768K
  class space    used 637K, capacity 688K, committed 768K, reserved 1048576K
}

Deoptimization events (10 events):
Event: 12.698 Thread 0x00007fad030ab800 Uncommon trap: reason=class_check action=maybe_recompile pc=0x000000010efa3010 method=java.util.Arrays.hashCode([Ljava/lang/Object;)I @ 43
Event: 12.698 Thread 0x00007fad030ab800 Uncommon trap: reason=class_check action=maybe_recompile pc=0x000000010efa3010 method=java.util.Arrays.hashCode([Ljava/lang/Object;)I @ 43
Event: 14.432 Thread 0x00007fad030ab800 Uncommon trap: reason=speculate_class_check action=maybe_recompile pc=0x000000010eedb110 method=com.android.dx.util.FixedSizeList.equals(Ljava/lang/Object;)Z @ 25
Event: 14.432 Thread 0x00007fad030ab800 Uncommon trap: reason=class_check action=maybe_recompile pc=0x000000010eedd9e8 method=java.util.Arrays.equals([Ljava/lang/Object;[Ljava/lang/Object;)Z @ 62
Event: 14.432 Thread 0x00007fad030ab800 Uncommon trap: reason=speculate_class_check action=maybe_recompile pc=0x000000010eedb110 method=com.android.dx.util.FixedSizeList.equals(Ljava/lang/Object;)Z @ 25
Event: 14.432 Thread 0x00007fad030ab800 Uncommon trap: reason=class_check action=maybe_recompile pc=0x000000010eedd9e8 method=java.util.Arrays.equals([Ljava/lang/Object;[Ljava/lang/Object;)Z @ 62
Event: 14.432 Thread 0x00007fad030ab800 Uncommon trap: reason=speculate_class_check action=maybe_recompile pc=0x000000010eedb110 method=com.android.dx.util.FixedSizeList.equals(Ljava/lang/Object;)Z @ 25
Event: 14.432 Thread 0x00007fad030ab800 Uncommon trap: reason=unstable_if action=reinterpret pc=0x000000010eedd9bc method=java.util.Arrays.equals([Ljava/lang/Object;[Ljava/lang/Object;)Z @ 23
Event: 14.487 Thread 0x00007fad030ab800 Uncommon trap: reason=speculate_class_check action=maybe_recompile pc=0x000000010eedb110 method=com.android.dx.util.FixedSizeList.equals(Ljava/lang/Object;)Z @ 25
Event: 16.507 Thread 0x00007fad030ab800 Uncommon trap: reason=unstable_if action=reinterpret pc=0x000000010f4a6d04 method=com.android.dx.dex.code.LocalList$MakeState.filterSpec(Lcom/android/dx/rop/code/RegisterSpec;)Lcom/android/dx/rop/code/RegisterSpec; @ 11

Internal exceptions (10 events):
Event: 0.210 Thread 0x00007fad04802000 Exception <a 'java/util/zip/ZipException'> (0x00000007aac4dd58) thrown at [/Users/java_re/workspace/8-2-build-macosx-x86_64/jdk8u91/6644/hotspot/src/share/vm/prims/jni.cpp, line 709]
Event: 0.210 Thread 0x00007fad04802000 Exception <a 'java/security/PrivilegedActionException'> (0x00000007aac4df60) thrown at [/Users/java_re/workspace/8-2-build-macosx-x86_64/jdk8u91/6644/hotspot/src/share/vm/prims/jvm.cpp, line 1386]
Event: 0.210 Thread 0x00007fad04802000 Exception <a 'java/security/PrivilegedActionException'> (0x00000007aac4e170) thrown at [/Users/java_re/workspace/8-2-build-macosx-x86_64/jdk8u91/6644/hotspot/src/share/vm/prims/jvm.cpp, line 1386]
Event: 0.213 Thread 0x00007fad04802000 Exception <a 'java/util/zip/ZipException'> (0x00000007aac5fb78) thrown at [/Users/java_re/workspace/8-2-build-macosx-x86_64/jdk8u91/6644/hotspot/src/share/vm/prims/jni.cpp, line 709]
Event: 0.213 Thread 0x00007fad04802000 Exception <a 'java/security/PrivilegedActionException'> (0x00000007aac5fd80) thrown at [/Users/java_re/workspace/8-2-build-macosx-x86_64/jdk8u91/6644/hotspot/src/share/vm/prims/jvm.cpp, line 1386]
Event: 0.213 Thread 0x00007fad04802000 Exception <a 'java/security/PrivilegedActionException'> (0x00000007aac5ff90) thrown at [/Users/java_re/workspace/8-2-build-macosx-x86_64/jdk8u91/6644/hotspot/src/share/vm/prims/jvm.cpp, line 1386]
Event: 7.562 Thread 0x00007fad03888000 Implicit null exception at 0x000000010f14ad5c to 0x000000010f14bf39
Event: 8.291 Thread 0x00007fad03888000 Exception <a 'java/lang/ArrayIndexOutOfBoundsException': 18> (0x00000007ac27a830) thrown at [/Users/java_re/workspace/8-2-build-macosx-x86_64/jdk8u91/6644/hotspot/src/share/vm/interpreter/interpreterRuntime.cpp, line 366]
Event: 8.292 Thread 0x00007fad03888000 Exception <a 'java/lang/ArrayIndexOutOfBoundsException': 145> (0x00000007ac65c5a8) thrown at [/Users/java_re/workspace/8-2-build-macosx-x86_64/jdk8u91/6644/hotspot/src/share/vm/interpreter/interpreterRuntime.cpp, line 366]
Event: 8.292 Thread 0x00007fad03888000 Exception <a 'java/lang/ArrayIndexOutOfBoundsException': 40> (0x00000007ac65d890) thrown at [/Users/java_re/workspace/8-2-build-macosx-x86_64/jdk8u91/6644/hotspot/src/share/vm/interpreter/interpreterRuntime.cpp, line 366]

Events (10 events):
Event: 14.867 Thread 0x00007fad030ab800 DEOPT UNPACKING pc=0x000000010ec47633 sp=0x0000700000a30f28 mode 0
Event: 15.327 Thread 0x00007fad030ab800 DEOPT PACKING pc=0x000000010f441451 sp=0x0000700000a31130
Event: 15.327 Thread 0x00007fad030ab800 DEOPT UNPACKING pc=0x000000010ec47633 sp=0x0000700000a30f58 mode 0
Event: 15.956 Executing VM operation: ParallelGCFailedAllocation
Event: 16.031 Executing VM operation: ParallelGCFailedAllocation done
Event: 16.245 Thread 0x00007fad030ab800 DEOPT PACKING pc=0x000000010f4a033e sp=0x0000700000a31160
Event: 16.245 Thread 0x00007fad030ab800 DEOPT UNPACKING pc=0x000000010ec47633 sp=0x0000700000a30e90 mode 0
Event: 16.507 Thread 0x00007fad030ab800 Uncommon trap: trap_request=0xffffff65 fr.pc=0x000000010f4a6d04
Event: 16.507 Thread 0x00007fad030ab800 DEOPT PACKING pc=0x000000010f4a6d04 sp=0x0000700000a311a0
Event: 16.507 Thread 0x00007fad030ab800 DEOPT UNPACKING pc=0x000000010ec05229 sp=0x0000700000a31120 mode 2


Dynamic libraries:
0x000000000a49f000 	/System/Library/Frameworks/Cocoa.framework/Versions/A/Cocoa
0x000000000a49f000 	/System/Library/Frameworks/Security.framework/Versions/A/Security
0x000000000a49f000 	/System/Library/Frameworks/ApplicationServices.framework/Versions/A/ApplicationServices
0x000000000a49f000 	/usr/lib/libz.1.dylib
0x000000000a49f000 	/usr/lib/libSystem.B.dylib
0x000000000a49f000 	/usr/lib/libobjc.A.dylib
0x000000000a49f000 	/System/Library/Frameworks/CoreFoundation.framework/Versions/A/CoreFoundation
0x000000000a49f000 	/System/Library/Frameworks/Foundation.framework/Versions/C/Foundation
0x000000000a49f000 	/System/Library/Frameworks/AppKit.framework/Versions/C/AppKit
0x000000000a49f000 	/System/Library/Frameworks/CoreData.framework/Versions/A/CoreData
0x000000000a49f000 	/System/Library/PrivateFrameworks/RemoteViewServices.framework/Versions/A/RemoteViewServices
0x000000000a49f000 	/System/Library/PrivateFrameworks/UIFoundation.framework/Versions/A/UIFoundation
0x000000000a49f000 	/usr/lib/libScreenReader.dylib
0x000000000a49f000 	/System/Library/Frameworks/Accelerate.framework/Versions/A/Accelerate
0x000000000a49f000 	/System/Library/Frameworks/IOSurface.framework/Versions/A/IOSurface
0x000000000a49f000 	/System/Library/Frameworks/AudioToolbox.framework/Versions/A/AudioToolbox
0x000000000a49f000 	/System/Library/Frameworks/AudioUnit.framework/Versions/A/AudioUnit
0x000000000a49f000 	/System/Library/PrivateFrameworks/DataDetectorsCore.framework/Versions/A/DataDetectorsCore
0x000000000a49f000 	/System/Library/PrivateFrameworks/DesktopServicesPriv.framework/Versions/A/DesktopServicesPriv
0x000000000a49f000 	/System/Library/Frameworks/Carbon.framework/Versions/A/Frameworks/HIToolbox.framework/Versions/A/HIToolbox
0x000000000a49f000 	/System/Library/Frameworks/QuartzCore.framework/Versions/A/QuartzCore
0x000000000a49f000 	/System/Library/Frameworks/Carbon.framework/Versions/A/Frameworks/SpeechRecognition.framework/Versions/A/SpeechRecognition
0x000000000a49f000 	/usr/lib/libauto.dylib
0x000000000a49f000 	/usr/lib/libicucore.A.dylib
0x000000000a49f000 	/usr/lib/libxml2.2.dylib
0x000000000a49f000 	/System/Library/PrivateFrameworks/CoreUI.framework/Versions/A/CoreUI
0x000000000a49f000 	/System/Library/Frameworks/CoreAudio.framework/Versions/A/CoreAudio
0x000000000a49f000 	/System/Library/Frameworks/DiskArbitration.framework/Versions/A/DiskArbitration
0x000000000a49f000 	/usr/lib/liblangid.dylib
0x000000000a49f000 	/System/Library/PrivateFrameworks/MultitouchSupport.framework/Versions/A/MultitouchSupport
0x000000000a49f000 	/System/Library/Frameworks/IOKit.framework/Versions/A/IOKit
0x000000000a49f000 	/usr/lib/libDiagnosticMessagesClient.dylib
0x000000000a49f000 	/System/Library/Frameworks/CoreServices.framework/Versions/A/CoreServices
0x000000000a49f000 	/System/Library/PrivateFrameworks/PerformanceAnalysis.framework/Versions/A/PerformanceAnalysis
0x000000000a49f000 	/System/Library/PrivateFrameworks/GenerationalStorage.framework/Versions/A/GenerationalStorage
0x000000000a49f000 	/System/Library/Frameworks/OpenGL.framework/Versions/A/OpenGL
0x000000000a49f000 	/System/Library/PrivateFrameworks/Sharing.framework/Versions/A/Sharing
0x000000000a49f000 	/System/Library/Frameworks/CoreGraphics.framework/Versions/A/CoreGraphics
0x000000000a49f000 	/System/Library/Frameworks/CoreImage.framework/Versions/A/CoreImage
0x000000000a49f000 	/System/Library/Frameworks/CoreText.framework/Versions/A/CoreText
0x000000000a49f000 	/System/Library/Frameworks/ImageIO.framework/Versions/A/ImageIO
0x000000000a49f000 	/System/Library/PrivateFrameworks/Backup.framework/Versions/A/Backup
0x000000000a49f000 	/usr/lib/libextension.dylib
0x000000000a49f000 	/usr/lib/libarchive.2.dylib
0x000000000a49f000 	/System/Library/Frameworks/CFNetwork.framework/Versions/A/CFNetwork
0x000000000a49f000 	/System/Library/Frameworks/SystemConfiguration.framework/Versions/A/SystemConfiguration
0x000000000a49f000 	/usr/lib/libCRFSuite.dylib
0x000000000a49f000 	/usr/lib/libc++.1.dylib
0x000000000a49f000 	/usr/lib/libc++abi.dylib
0x000000000a49f000 	/usr/lib/system/libcache.dylib
0x000000000a49f000 	/usr/lib/system/libcommonCrypto.dylib
0x000000000a49f000 	/usr/lib/system/libcompiler_rt.dylib
0x000000000a49f000 	/usr/lib/system/libcopyfile.dylib
0x000000000a49f000 	/usr/lib/system/libcorecrypto.dylib
0x000000000a49f000 	/usr/lib/system/libdispatch.dylib
0x000000000a49f000 	/usr/lib/system/libdyld.dylib
0x000000000a49f000 	/usr/lib/system/libkeymgr.dylib
0x000000000a49f000 	/usr/lib/system/liblaunch.dylib
0x000000000a49f000 	/usr/lib/system/libmacho.dylib
0x000000000a49f000 	/usr/lib/system/libquarantine.dylib
0x000000000a49f000 	/usr/lib/system/libremovefile.dylib
0x000000000a49f000 	/usr/lib/system/libsystem_asl.dylib
0x000000000a49f000 	/usr/lib/system/libsystem_blocks.dylib
0x000000000a49f000 	/usr/lib/system/libsystem_c.dylib
0x000000000a49f000 	/usr/lib/system/libsystem_configuration.dylib
0x000000000a49f000 	/usr/lib/system/libsystem_coreservices.dylib
0x000000000a49f000 	/usr/lib/system/libsystem_coretls.dylib
0x000000000a49f000 	/usr/lib/system/libsystem_dnssd.dylib
0x000000000a49f000 	/usr/lib/system/libsystem_info.dylib
0x000000000a49f000 	/usr/lib/system/libsystem_kernel.dylib
0x000000000a49f000 	/usr/lib/system/libsystem_m.dylib
0x000000000a49f000 	/usr/lib/system/libsystem_malloc.dylib
0x000000000a49f000 	/usr/lib/system/libsystem_network.dylib
0x000000000a49f000 	/usr/lib/system/libsystem_networkextension.dylib
0x000000000a49f000 	/usr/lib/system/libsystem_notify.dylib
0x000000000a49f000 	/usr/lib/system/libsystem_platform.dylib
0x000000000a49f000 	/usr/lib/system/libsystem_pthread.dylib
0x000000000a49f000 	/usr/lib/system/libsystem_sandbox.dylib
0x000000000a49f000 	/usr/lib/system/libsystem_secinit.dylib
0x000000000a49f000 	/usr/lib/system/libsystem_trace.dylib
0x000000000a49f000 	/usr/lib/system/libunc.dylib
0x000000000a49f000 	/usr/lib/system/libunwind.dylib
0x000000000a49f000 	/usr/lib/system/libxpc.dylib
0x000000000a49f000 	/usr/lib/libenergytrace.dylib
0x000000000a49f000 	/usr/lib/libbsm.0.dylib
0x000000000a49f000 	/usr/lib/system/libkxld.dylib
0x000000000a49f000 	/usr/lib/libxar.1.dylib
0x000000000a49f000 	/usr/lib/libsqlite3.dylib
0x000000000a49f000 	/usr/lib/libpam.2.dylib
0x000000000a49f000 	/usr/lib/libOpenScriptingUtil.dylib
0x000000000a49f000 	/usr/lib/libbz2.1.0.dylib
0x000000000a49f000 	/usr/lib/liblzma.5.dylib
0x000000000a49f000 	/System/Library/Frameworks/CoreServices.framework/Versions/A/Frameworks/FSEvents.framework/Versions/A/FSEvents
0x000000000a49f000 	/System/Library/Frameworks/CoreServices.framework/Versions/A/Frameworks/CarbonCore.framework/Versions/A/CarbonCore
0x000000000a49f000 	/System/Library/Frameworks/CoreServices.framework/Versions/A/Frameworks/Metadata.framework/Versions/A/Metadata
0x000000000a49f000 	/System/Library/Frameworks/CoreServices.framework/Versions/A/Frameworks/OSServices.framework/Versions/A/OSServices
0x000000000a49f000 	/System/Library/Frameworks/CoreServices.framework/Versions/A/Frameworks/SearchKit.framework/Versions/A/SearchKit
0x000000000a49f000 	/System/Library/Frameworks/CoreServices.framework/Versions/A/Frameworks/AE.framework/Versions/A/AE
0x000000000a49f000 	/System/Library/Frameworks/CoreServices.framework/Versions/A/Frameworks/LaunchServices.framework/Versions/A/LaunchServices
0x000000000a49f000 	/System/Library/Frameworks/CoreServices.framework/Versions/A/Frameworks/DictionaryServices.framework/Versions/A/DictionaryServices
0x000000000a49f000 	/System/Library/Frameworks/CoreServices.framework/Versions/A/Frameworks/SharedFileList.framework/Versions/A/SharedFileList
0x000000000a49f000 	/System/Library/Frameworks/NetFS.framework/Versions/A/NetFS
0x000000000a49f000 	/System/Library/PrivateFrameworks/NetAuth.framework/Versions/A/NetAuth
0x000000000a49f000 	/System/Library/PrivateFrameworks/login.framework/Versions/A/Frameworks/loginsupport.framework/Versions/A/loginsupport
0x000000000a49f000 	/System/Library/PrivateFrameworks/TCC.framework/Versions/A/TCC
0x000000000a49f000 	/usr/lib/libmecabra.dylib
0x000000000a49f000 	/System/Library/Frameworks/ApplicationServices.framework/Versions/A/Frameworks/ATS.framework/Versions/A/ATS
0x000000000a49f000 	/System/Library/Frameworks/ApplicationServices.framework/Versions/A/Frameworks/ColorSync.framework/Versions/A/ColorSync
0x000000000a49f000 	/System/Library/Frameworks/ApplicationServices.framework/Versions/A/Frameworks/HIServices.framework/Versions/A/HIServices
0x000000000a49f000 	/System/Library/Frameworks/ApplicationServices.framework/Versions/A/Frameworks/LangAnalysis.framework/Versions/A/LangAnalysis
0x000000000a49f000 	/System/Library/Frameworks/ApplicationServices.framework/Versions/A/Frameworks/PrintCore.framework/Versions/A/PrintCore
0x000000000a49f000 	/System/Library/Frameworks/ApplicationServices.framework/Versions/A/Frameworks/QD.framework/Versions/A/QD
0x000000000a49f000 	/System/Library/Frameworks/ApplicationServices.framework/Versions/A/Frameworks/SpeechSynthesis.framework/Versions/A/SpeechSynthesis
0x000000000a49f000 	/System/Library/Frameworks/Metal.framework/Versions/A/Metal
0x000000000a49f000 	/System/Library/Frameworks/Accelerate.framework/Versions/A/Frameworks/vImage.framework/Versions/A/vImage
0x000000000a49f000 	/System/Library/Frameworks/Accelerate.framework/Versions/A/Frameworks/vecLib.framework/Versions/A/vecLib
0x000000000a49f000 	/System/Library/Frameworks/Accelerate.framework/Versions/A/Frameworks/vecLib.framework/Versions/A/libvDSP.dylib
0x000000000a49f000 	/System/Library/Frameworks/Accelerate.framework/Versions/A/Frameworks/vecLib.framework/Versions/A/libvMisc.dylib
0x000000000a49f000 	/System/Library/Frameworks/Accelerate.framework/Versions/A/Frameworks/vecLib.framework/Versions/A/libLAPACK.dylib
0x000000000a49f000 	/System/Library/Frameworks/Accelerate.framework/Versions/A/Frameworks/vecLib.framework/Versions/A/libBLAS.dylib
0x000000000a49f000 	/System/Library/Frameworks/Accelerate.framework/Versions/A/Frameworks/vecLib.framework/Versions/A/libLinearAlgebra.dylib
0x000000000a49f000 	/System/Library/Frameworks/Accelerate.framework/Versions/A/Frameworks/vecLib.framework/Versions/A/libSparseBLAS.dylib
0x000000000a49f000 	/System/Library/PrivateFrameworks/GPUCompiler.framework/libmetal_timestamp.dylib
0x000000000a49f000 	/System/Library/Frameworks/OpenGL.framework/Versions/A/Libraries/libCoreFSCache.dylib
0x000000000a49f000 	/System/Library/PrivateFrameworks/IOAccelerator.framework/Versions/A/IOAccelerator
0x000000000a49f000 	/System/Library/Frameworks/ApplicationServices.framework/Versions/A/Frameworks/ATS.framework/Versions/A/Resources/libFontParser.dylib
0x000000000a49f000 	/System/Library/Frameworks/ApplicationServices.framework/Versions/A/Frameworks/ATS.framework/Versions/A/Resources/libFontRegistry.dylib
0x000000000a49f000 	/System/Library/PrivateFrameworks/AppleVPA.framework/Versions/A/AppleVPA
0x000000000a49f000 	/System/Library/PrivateFrameworks/AppleJPEG.framework/Versions/A/AppleJPEG
0x000000000a49f000 	/System/Library/Frameworks/ImageIO.framework/Versions/A/Resources/libJPEG.dylib
0x000000000a49f000 	/System/Library/Frameworks/ImageIO.framework/Versions/A/Resources/libTIFF.dylib
0x000000000a49f000 	/System/Library/Frameworks/ImageIO.framework/Versions/A/Resources/libPng.dylib
0x000000000a49f000 	/System/Library/Frameworks/ImageIO.framework/Versions/A/Resources/libGIF.dylib
0x000000000a49f000 	/System/Library/Frameworks/ImageIO.framework/Versions/A/Resources/libJP2.dylib
0x000000000a49f000 	/System/Library/Frameworks/ImageIO.framework/Versions/A/Resources/libRadiance.dylib
0x000000000a49f000 	/System/Library/Frameworks/CoreVideo.framework/Versions/A/CoreVideo
0x000000000a49f000 	/System/Library/Frameworks/OpenGL.framework/Versions/A/Libraries/libGLU.dylib
0x000000000a49f000 	/System/Library/Frameworks/OpenGL.framework/Versions/A/Libraries/libGFXShared.dylib
0x000000000a49f000 	/System/Library/Frameworks/OpenGL.framework/Versions/A/Libraries/libGL.dylib
0x000000000a49f000 	/System/Library/Frameworks/OpenGL.framework/Versions/A/Libraries/libGLImage.dylib
0x000000000a49f000 	/System/Library/Frameworks/OpenGL.framework/Versions/A/Libraries/libCVMSPluginSupport.dylib
0x000000000a49f000 	/System/Library/Frameworks/OpenGL.framework/Versions/A/Libraries/libCoreVMClient.dylib
0x000000000a49f000 	/usr/lib/libcups.2.dylib
0x000000000a49f000 	/System/Library/Frameworks/Kerberos.framework/Versions/A/Kerberos
0x000000000a49f000 	/System/Library/Frameworks/GSS.framework/Versions/A/GSS
0x000000000a49f000 	/usr/lib/libresolv.9.dylib
0x000000000a49f000 	/usr/lib/libiconv.2.dylib
0x000000000a49f000 	/System/Library/PrivateFrameworks/Heimdal.framework/Versions/A/Heimdal
0x000000000a49f000 	/usr/lib/libheimdal-asn1.dylib
0x000000000a49f000 	/System/Library/Frameworks/OpenDirectory.framework/Versions/A/OpenDirectory
0x000000000a49f000 	/System/Library/PrivateFrameworks/CommonAuth.framework/Versions/A/CommonAuth
0x000000000a49f000 	/System/Library/Frameworks/OpenDirectory.framework/Versions/A/Frameworks/CFOpenDirectory.framework/Versions/A/CFOpenDirectory
0x000000000a49f000 	/System/Library/Frameworks/SecurityFoundation.framework/Versions/A/SecurityFoundation
0x000000000a49f000 	/System/Library/PrivateFrameworks/LanguageModeling.framework/Versions/A/LanguageModeling
0x000000000a49f000 	/usr/lib/libmarisa.dylib
0x000000000a49f000 	/usr/lib/libChineseTokenizer.dylib
0x000000000a49f000 	/usr/lib/libcmph.dylib
0x000000000a49f000 	/usr/lib/libcompression.dylib
0x000000000a49f000 	/System/Library/Frameworks/ServiceManagement.framework/Versions/A/ServiceManagement
0x000000000a49f000 	/usr/lib/libxslt.1.dylib
0x000000000a49f000 	/System/Library/Frameworks/Carbon.framework/Versions/A/Frameworks/Ink.framework/Versions/A/Ink
0x000000000a49f000 	/usr/lib/libFosl_dynamic.dylib
0x000000000a49f000 	/System/Library/PrivateFrameworks/FaceCore.framework/Versions/A/FaceCore
0x000000000a49f000 	/System/Library/Frameworks/OpenCL.framework/Versions/A/OpenCL
0x000000000a49f000 	/System/Library/PrivateFrameworks/CrashReporterSupport.framework/Versions/A/CrashReporterSupport
0x000000000a49f000 	/System/Library/PrivateFrameworks/IconServices.framework/Versions/A/IconServices
0x000000000a49f000 	/System/Library/PrivateFrameworks/Apple80211.framework/Versions/A/Apple80211
0x000000000a49f000 	/System/Library/Frameworks/CoreWLAN.framework/Versions/A/CoreWLAN
0x000000000a49f000 	/System/Library/Frameworks/IOBluetooth.framework/Versions/A/IOBluetooth
0x000000000a49f000 	/System/Library/PrivateFrameworks/CoreWiFi.framework/Versions/A/CoreWiFi
0x000000000a49f000 	/System/Library/Frameworks/CoreBluetooth.framework/Versions/A/CoreBluetooth
0x000000000a49f000 	/System/Library/PrivateFrameworks/ChunkingLibrary.framework/Versions/A/ChunkingLibrary
0x000000000a49f000 	/System/Library/PrivateFrameworks/DebugSymbols.framework/Versions/A/DebugSymbols
0x000000000a49f000 	/System/Library/PrivateFrameworks/CoreSymbolication.framework/Versions/A/CoreSymbolication
0x000000000a49f000 	/System/Library/PrivateFrameworks/Symbolication.framework/Versions/A/Symbolication
0x000000000a49f000 	/System/Library/PrivateFrameworks/SpeechRecognitionCore.framework/Versions/A/SpeechRecognitionCore
0x000000010d28c000 	/System/Library/CoreServices/Encodings/libSimplifiedChineseConverter.dylib
0x000000010d2d0000 	/Library/Java/JavaVirtualMachines/jdk1.8.0_91.jdk/Contents/Home/jre/lib/server/libjvm.dylib
0x000000000a49f000 	/usr/lib/libstdc++.6.dylib
0x000000010e264000 	/Library/Java/JavaVirtualMachines/jdk1.8.0_91.jdk/Contents/Home/jre/lib/libverify.dylib
0x000000010e272000 	/Library/Java/JavaVirtualMachines/jdk1.8.0_91.jdk/Contents/Home/jre/lib/libjava.dylib
0x000000010e2b5000 	/Library/Java/JavaVirtualMachines/jdk1.8.0_91.jdk/Contents/Home/jre/lib/libzip.dylib
0x0000000121ecc000 	/System/Library/Frameworks/JavaVM.framework/Frameworks/JavaRuntimeSupport.framework/JavaRuntimeSupport
0x0000000121ee7000 	/System/Library/Frameworks/JavaVM.framework/Versions/A/Frameworks/JavaNativeFoundation.framework/Versions/A/JavaNativeFoundation
0x000000010e3ec000 	/System/Library/Frameworks/JavaVM.framework/Versions/A/JavaVM
0x000000000a49f000 	/System/Library/Frameworks/Carbon.framework/Versions/A/Carbon
0x0000000121efc000 	/System/Library/PrivateFrameworks/JavaLaunching.framework/Versions/A/JavaLaunching
0x000000000a49f000 	/System/Library/Frameworks/Carbon.framework/Versions/A/Frameworks/CommonPanels.framework/Versions/A/CommonPanels
0x000000000a49f000 	/System/Library/Frameworks/Carbon.framework/Versions/A/Frameworks/Help.framework/Versions/A/Help
0x000000000a49f000 	/System/Library/Frameworks/Carbon.framework/Versions/A/Frameworks/ImageCapture.framework/Versions/A/ImageCapture
0x000000000a49f000 	/System/Library/Frameworks/Carbon.framework/Versions/A/Frameworks/OpenScripting.framework/Versions/A/OpenScripting
0x000000000a49f000 	/System/Library/Frameworks/Carbon.framework/Versions/A/Frameworks/Print.framework/Versions/A/Print
0x000000000a49f000 	/System/Library/Frameworks/Carbon.framework/Versions/A/Frameworks/SecurityHI.framework/Versions/A/SecurityHI

VM Arguments:
jvm_args: -Djava.awt.headless=true -Xmx1024M -Dfile.encoding=UTF-8 -Duser.country=CN -Duser.language=zh -Duser.variant 
java_command: com.android.dx.command.Main --dex --force-jumbo --num-threads=4 --multi-dex --output /Users/lanouhn/Desktop/androidhighday/SingOriginal/app/build/intermediates/transforms/dex/debug/folders/1000/10/com.android.support-support-v4-24.0.0_cac4e0e0477922d833d16366d44161fba3aaeb8c /Users/lanouhn/Desktop/androidhighday/SingOriginal/app/build/intermediates/exploded-aar/com.android.support/support-v4/24.0.0/jars/classes.jar
java_class_path (initial): /Users/lanouhn/Library/Android/sdk/build-tools/24.0.0/lib/dx.jar
Launcher Type: SUN_STANDARD

Environment Variables:
PATH=/usr/bin:/bin:/usr/sbin:/sbin
SHELL=/bin/bash

Signal Handlers:
SIGSEGV: [libjvm.dylib+0x5a97a1], sa_mask[0]=11111111011111110111111111111111, sa_flags=SA_ONSTACK|SA_RESTART|SA_SIGINFO
SIGBUS: [libjvm.dylib+0x5a97a1], sa_mask[0]=11111111011111110111111111111111, sa_flags=SA_RESTART|SA_SIGINFO
SIGFPE: [libjvm.dylib+0x482594], sa_mask[0]=11111111011111110111111111111111, sa_flags=SA_RESTART|SA_SIGINFO
SIGPIPE: [libjvm.dylib+0x482594], sa_mask[0]=11111111011111110111111111111111, sa_flags=SA_RESTART|SA_SIGINFO
SIGXFSZ: [libjvm.dylib+0x482594], sa_mask[0]=11111111011111110111111111111111, sa_flags=SA_RESTART|SA_SIGINFO
SIGILL: [libjvm.dylib+0x482594], sa_mask[0]=11111111011111110111111111111111, sa_flags=SA_RESTART|SA_SIGINFO
SIGUSR1: SIG_DFL, sa_mask[0]=00000000000000000000000000000000, sa_flags=none
SIGUSR2: [libjvm.dylib+0x4820b2], sa_mask[0]=00100000000000000000000000000000, sa_flags=SA_RESTART|SA_SIGINFO
SIGHUP: [libjvm.dylib+0x480689], sa_mask[0]=11111111011111110111111111111111, sa_flags=SA_RESTART|SA_SIGINFO
SIGINT: [libjvm.dylib+0x480689], sa_mask[0]=11111111011111110111111111111111, sa_flags=SA_RESTART|SA_SIGINFO
SIGTERM: [libjvm.dylib+0x480689], sa_mask[0]=11111111011111110111111111111111, sa_flags=SA_RESTART|SA_SIGINFO
SIGQUIT: [libjvm.dylib+0x480689], sa_mask[0]=11111111011111110111111111111111, sa_flags=SA_RESTART|SA_SIGINFO


---------------  S Y S T E M  ---------------

OS:Bsduname:Darwin 15.4.0 Darwin Kernel Version 15.4.0: Fri Feb 26 22:08:05 PST 2016; root:xnu-3248.40.184~3/RELEASE_X86_64 x86_64
rlimit: STACK 8192k, CORE 0k, NPROC 709, NOFILE 10240, AS infinity
load average:19.70 9.80 5.00

CPU:total 4 (2 cores per cpu, 2 threads per core) family 6 model 58 stepping 9, cmov, cx8, fxsr, mmx, sse, sse2, sse3, ssse3, sse4.1, sse4.2, popcnt, avx, aes, clmul, erms, ht, tsc, tscinvbit, tscinv

Memory: 4k page, physical 8388608k(75936k free)

/proc/meminfo:


vm_info: Java HotSpot(TM) 64-Bit Server VM (25.91-b14) for bsd-amd64 JRE (1.8.0_91-b14), built on Apr  1 2016 01:03:00 by "java_re" with gcc 4.2.1 (Based on Apple Inc. build 5658) (LLVM build 2336.11.00)

time: Thu Jul 28 09:12:24 2016
elapsed time: 16 seconds (0d 0h 0m 16s)

