#
# A fatal error has been detected by the Java Runtime Environment:
#
#  SIGSEGV (0xb) at pc=0x000000010544df1c, pid=906, tid=4099
#
# JRE version: Java(TM) SE Runtime Environment (8.0_91-b14) (build 1.8.0_91-b14)
# Java VM: Java HotSpot(TM) 64-Bit Server VM (25.91-b14 mixed mode bsd-amd64 compressed oops)
# Problematic frame:
# J 79  java.util.zip.ZipFile.getEntry(J[BZ)J (0 bytes) @ 0x000000010544df1c [0x000000010544dd80+0x19c]
#
# Failed to write core dump. Core dumps have been disabled. To enable core dumping, try "ulimit -c unlimited" before starting Java again
#
# If you would like to submit a bug report, please visit:
#   http://bugreport.java.com/bugreport/crash.jsp
#

---------------  T H R E A D  ---------------

Current thread (0x00007fb4c2002000):  JavaThread "main" [_thread_in_Java, id=4099, stack(0x0000700000084000,0x0000700000184000)]

siginfo: si_signo: 11 (SIGSEGV), si_code: 1 (SEGV_MAPERR), si_addr: 0x00000000000003b3

Registers:
RAX=0x0000000000000000, RBX=0x0000000000000000, RCX=0x0000000000000000, RDX=0x00007fb4c171371c
RSP=0x0000700000181780, RBP=0x00007000001817c0, RSI=0x0000000000000000, RDI=0x00007fb4c1713830
R8 =0x0000000000000001, R9 =0x0000000000000001, R10=0x0000000000000000, R11=0x00006ff855443efe
R12=0x0000000000000000, R13=0x00000000000001d3, R14=0x00007000001817b0, R15=0x00007fb4c2002000
RIP=0x000000010544df1c, EFLAGS=0x0000000000010246, ERR=0x0000000000000006
  TRAPNO=0x000000000000000e

Top of Stack: (sp=0x0000700000181780)
0x0000700000181780:   00000007aad3d430 00000007aad3d430
0x0000700000181790:   000000000000000e 00007fb4c1509a60
0x00007000001817a0:   0000000000000026 5800000000000000
0x00007000001817b0:   00000007aab62bb8 00000007aab5a8d0
0x00007000001817c0:   0000700000181990 00000001054463cc
0x00007000001817d0:   00000000177472a0 0000000000000000
0x00007000001817e0:   0000003000000010 0000000000000026
0x00007000001817f0:   0000000000000026 00000007aab6a010
0x0000700000181800:   00000007aad3d318 00007fb4c1713770
0x0000700000181810:   00007fb4c2002000 0000000000000000
0x0000700000181820:   00000007aab5a8d0 0000000000000001
0x0000700000181830:   00000007aab6a010 00007000001818d0
0x0000700000181840:   0000700000181990 000000010543ca0c
0x0000700000181850:   00007000001818b0 000000010542146a
0x0000700000181860:   0000000000000006 00000007aab62540
0x0000700000181870:   0000700000181990 000000010543bbac
0x0000700000181880:   0000003000000010 0000700000181e20
0x0000700000181890:   0000700000181d40 00000007aab00c78
0x00007000001818a0:   0000000000000000 0000000000000000
0x00007000001818b0:   0000700000181938 00000001053212bd
0x00007000001818c0:   00007000001819a0 0000000000000000
0x00007000001818d0:   0000000000000001 0000000000000000
0x00007000001818e0:   00007000001818d0 00000007aab69448
0x00007000001818f0:   00000007aad3d318 0000000100000000
0x0000700000181900:   00000007aab6a010 0000000000000001
0x0000700000181910:   00000007aab5a8d0 0000700000181940
0x0000700000181920:   0000700000181990 0000000105321040
0x0000700000181930:   0000000105321040 0000000000000000
0x0000700000181940:   00000007aad3d318 00000007aab69448
0x0000700000181950:   0000700000181950 0000000117723776
0x0000700000181960:   00007000001819d0 0000000117724c48
0x0000700000181970:   0000000000000000 00000001177237a0 

Instructions: (pc=0x000000010544df1c)
0x000000010544defc:   ff 48 8b 45 f8 49 ba 00 00 00 00 00 00 00 00 4d
0x000000010544df0c:   89 97 d8 01 00 00 49 ba 00 00 00 00 00 00 00 00
0x000000010544df1c:   4d 89 97 e0 01 00 00 49 8b 4f 38 c7 81 00 01 00
0x000000010544df2c:   00 00 00 00 00 c9 49 81 7f 08 00 00 00 00 0f 85 

Register to memory mapping:

RAX=0x0000000000000000 is an unknown value
RBX=0x0000000000000000 is an unknown value
RCX=0x0000000000000000 is an unknown value
RDX=0x00007fb4c171371c is an unknown value
RSP=0x0000700000181780 is pointing into the stack for thread: 0x00007fb4c2002000
RBP=0x00007000001817c0 is pointing into the stack for thread: 0x00007fb4c2002000
RSI=0x0000000000000000 is an unknown value
RDI=0x00007fb4c1713830 is an unknown value
R8 =0x0000000000000001 is an unknown value
R9 =0x0000000000000001 is an unknown value
R10=0x0000000000000000 is an unknown value
R11=0x00006ff855443efe is an unknown value
R12=0x0000000000000000 is an unknown value
R13=0x00000000000001d3 is an unknown value
R14=0x00007000001817b0 is pointing into the stack for thread: 0x00007fb4c2002000
R15=0x00007fb4c2002000 is a thread


Stack: [0x0000700000084000,0x0000700000184000],  sp=0x0000700000181780,  free space=1013k
Native frames: (J=compiled Java code, j=interpreted, Vv=VM code, C=native code)
J 79  java.util.zip.ZipFile.getEntry(J[BZ)J (0 bytes) @ 0x000000010544df1c [0x000000010544dd80+0x19c]
J 71 C1 java.util.zip.ZipFile.getEntry(Ljava/lang/String;)Ljava/util/zip/ZipEntry; (86 bytes) @ 0x00000001054463cc [0x0000000105446160+0x26c]
J 56 C1 sun.misc.URLClassPath$JarLoader.getResource(Ljava/lang/String;Z)Lsun/misc/Resource; (85 bytes) @ 0x000000010543ca0c [0x000000010543c620+0x3ec]
j  sun.misc.URLClassPath.getResource(Ljava/lang/String;Z)Lsun/misc/Resource;+62
j  java.net.URLClassLoader$1.run()Ljava/lang/Class;+26
j  java.net.URLClassLoader$1.run()Ljava/lang/Object;+1
v  ~StubRoutines::call_stub
V  [libjvm.dylib+0x2ec1e6]  JavaCalls::call_helper(JavaValue*, methodHandle*, JavaCallArguments*, Thread*)+0x6ae
V  [libjvm.dylib+0x34c8e0]  JVM_DoPrivileged+0x4b8
j  java.security.AccessController.doPrivileged(Ljava/security/PrivilegedExceptionAction;Ljava/security/AccessControlContext;)Ljava/lang/Object;+0
j  java.net.URLClassLoader.findClass(Ljava/lang/String;)Ljava/lang/Class;+13
j  java.lang.ClassLoader.loadClass(Ljava/lang/String;Z)Ljava/lang/Class;+70
j  java.lang.ClassLoader.loadClass(Ljava/lang/String;Z)Ljava/lang/Class;+38
j  sun.misc.Launcher$AppClassLoader.loadClass(Ljava/lang/String;Z)Ljava/lang/Class;+81
j  java.lang.ClassLoader.loadClass(Ljava/lang/String;)Ljava/lang/Class;+3
v  ~StubRoutines::call_stub
V  [libjvm.dylib+0x2ec1e6]  JavaCalls::call_helper(JavaValue*, methodHandle*, JavaCallArguments*, Thread*)+0x6ae
V  [libjvm.dylib+0x2ec974]  JavaCalls::call_virtual(JavaValue*, KlassHandle, Symbol*, Symbol*, JavaCallArguments*, Thread*)+0x164
V  [libjvm.dylib+0x2ecacc]  JavaCalls::call_virtual(JavaValue*, Handle, KlassHandle, Symbol*, Symbol*, Handle, Thread*)+0x56
V  [libjvm.dylib+0x535480]  SystemDictionary::load_instance_class(Symbol*, Handle, Thread*)+0x2d8
V  [libjvm.dylib+0x534c19]  SystemDictionary::resolve_instance_class_or_null(Symbol*, Handle, Handle, Thread*)+0x48f
V  [libjvm.dylib+0x53569c]  SystemDictionary::resolve_or_null(Symbol*, Handle, Handle, Thread*)+0x106
V  [libjvm.dylib+0x535d19]  SystemDictionary::resolve_or_fail(Symbol*, Handle, Handle, bool, Thread*)+0x31
V  [libjvm.dylib+0x1e222a]  ConstantPool::klass_at_impl(constantPoolHandle, int, Thread*)+0x2ee
V  [libjvm.dylib+0x1f25b2]  ConstantPool::klass_at(int, Thread*)+0x92
V  [libjvm.dylib+0x2e7c23]  InterpreterRuntime::_new(JavaThread*, ConstantPool*, int)+0x2d
j  com.android.dx.dex.file.DexFile.<init>(Lcom/android/dx/dex/DexOptions;)V+122
j  com.android.dx.command.dexer.Main.createDexFile()V+10
j  com.android.dx.command.dexer.Main.processAllFiles()Z+0
j  com.android.dx.command.dexer.Main.runMultiDex()I+66
j  com.android.dx.command.dexer.Main.run(Lcom/android/dx/command/dexer/Main$Arguments;)I+66
j  com.android.dx.command.dexer.Main.main([Ljava/lang/String;)V+14
j  com.android.dx.command.Main.main([Ljava/lang/String;)V+61
v  ~StubRoutines::call_stub
V  [libjvm.dylib+0x2ec1e6]  JavaCalls::call_helper(JavaValue*, methodHandle*, JavaCallArguments*, Thread*)+0x6ae
V  [libjvm.dylib+0x322fbe]  jni_invoke_static(JNIEnv_*, JavaValue*, _jobject*, JNICallType, _jmethodID*, JNI_ArgumentPusher*, Thread*)+0x1bf
V  [libjvm.dylib+0x31bd35]  jni_CallStaticVoidMethod+0x15d
C  [java+0x393e]  JavaMain+0x9b1
C  [libsystem_pthread.dylib+0x399d]  _pthread_body+0x83
C  [libsystem_pthread.dylib+0x391a]  _pthread_body+0x0
C  [libsystem_pthread.dylib+0x1351]  thread_start+0xd
C  0x0000000000000000


---------------  P R O C E S S  ---------------

Java Threads: ( => current thread )
  0x00007fb4c2060000 JavaThread "Service Thread" daemon [_thread_blocked, id=18691, stack(0x0000700000e44000,0x0000700000f44000)]
  0x00007fb4c205f000 JavaThread "C1 CompilerThread2" daemon [_thread_blocked, id=18179, stack(0x0000700000d41000,0x0000700000e41000)]
  0x00007fb4c2800800 JavaThread "C2 CompilerThread1" daemon [_thread_blocked, id=17667, stack(0x0000700000c3e000,0x0000700000d3e000)]
  0x00007fb4c3003000 JavaThread "C2 CompilerThread0" daemon [_thread_blocked, id=17155, stack(0x0000700000b3b000,0x0000700000c3b000)]
  0x00007fb4c186e800 JavaThread "Signal Dispatcher" daemon [_thread_blocked, id=12815, stack(0x0000700000a38000,0x0000700000b38000)]
  0x00007fb4c1861800 JavaThread "Finalizer" daemon [_thread_blocked, id=11779, stack(0x000070000082f000,0x000070000092f000)]
  0x00007fb4c2001000 JavaThread "Reference Handler" daemon [_thread_blocked, id=11267, stack(0x000070000072c000,0x000070000082c000)]
=>0x00007fb4c2002000 JavaThread "main" [_thread_in_Java, id=4099, stack(0x0000700000084000,0x0000700000184000)]

Other Threads:
  0x00007fb4c185f000 VMThread [stack: 0x0000700000629000,0x0000700000729000] [id=10755]
  0x00007fb4c205b800 WatcherThread [stack: 0x0000700000f47000,0x0000700001047000] [id=19203]

VM state:not at safepoint (normal execution)

VM Mutex/Monitor currently owned by a thread: None

Heap:
 PSYoungGen      total 38400K, used 2667K [0x00000007aab00000, 0x00000007ad580000, 0x00000007c0000000)
  eden space 33280K, 8% used [0x00000007aab00000,0x00000007aad9ad70,0x00000007acb80000)
  from space 5120K, 0% used [0x00000007ad080000,0x00000007ad080000,0x00000007ad580000)
  to   space 5120K, 0% used [0x00000007acb80000,0x00000007acb80000,0x00000007ad080000)
 ParOldGen       total 87552K, used 0K [0x0000000780000000, 0x0000000785580000, 0x00000007aab00000)
  object space 87552K, 0% used [0x0000000780000000,0x0000000780000000,0x0000000785580000)
 Metaspace       used 3153K, capacity 4720K, committed 4864K, reserved 1056768K
  class space    used 343K, capacity 424K, committed 512K, reserved 1048576K

Card table byte_map: [0x0000000115000000,0x0000000115201000] byte_map_base: 0x0000000111400000

Marking Bits: (ParMarkBitMap*) 0x0000000104c15eb0
 Begin Bits: [0x0000000115357000, 0x0000000116357000)
 End Bits:   [0x0000000116357000, 0x0000000117357000)

Polling page: 0x0000000105306000

CodeCache: size=245760Kb used=1244Kb max_used=1244Kb free=244515Kb
 bounds [0x0000000105319000, 0x0000000105589000, 0x0000000114319000]
 total_blobs=324 nmethods=86 adapters=152
 compilation: enabled

Compilation events (10 events):
Event: 1.067 Thread 0x00007fb4c205f000   80       1       java.net.URL::getQuery (5 bytes)
Event: 1.068 Thread 0x00007fb4c205f000 nmethod 80 0x000000010543f750 code [0x000000010543f8a0, 0x000000010543f9b0]
Event: 1.068 Thread 0x00007fb4c205f000   81       1       java.security.ProtectionDomain::getCodeSource (5 bytes)
Event: 1.068 Thread 0x00007fb4c205f000 nmethod 81 0x000000010544df90 code [0x000000010544e0e0, 0x000000010544e1f0]
Event: 1.068 Thread 0x00007fb4c205f000   82       3       java.lang.ClassLoader::checkName (43 bytes)
Event: 1.069 Thread 0x00007fb4c205f000 nmethod 82 0x000000010544e250 code [0x000000010544e400, 0x000000010544eb78]
Event: 1.071 Thread 0x00007fb4c205f000   84       3       java.util.concurrent.ConcurrentHashMap::spread (10 bytes)
Event: 1.071 Thread 0x00007fb4c205f000 nmethod 84 0x000000010544f1d0 code [0x000000010544f320, 0x000000010544f470]
Event: 1.072 Thread 0x00007fb4c205f000   85       3       java.lang.StringBuilder::<init> (7 bytes)
Event: 1.073 Thread 0x00007fb4c205f000 nmethod 85 0x000000010544f4d0 code [0x000000010544f640, 0x000000010544f8f0]

GC Heap History (0 events):
No events

Deoptimization events (0 events):
No events

Internal exceptions (10 events):
Event: 0.691 Thread 0x00007fb4c2002000 Exception <a 'java/util/zip/ZipException'> (0x00000007aaba6488) thrown at [/Users/java_re/workspace/8-2-build-macosx-x86_64/jdk8u91/6644/hotspot/src/share/vm/prims/jni.cpp, line 709]
Event: 0.691 Thread 0x00007fb4c2002000 Exception <a 'java/security/PrivilegedActionException'> (0x00000007aac4cd38) thrown at [/Users/java_re/workspace/8-2-build-macosx-x86_64/jdk8u91/6644/hotspot/src/share/vm/prims/jvm.cpp, line 1386]
Event: 0.691 Thread 0x00007fb4c2002000 Exception <a 'java/security/PrivilegedActionException'> (0x00000007aac4cf48) thrown at [/Users/java_re/workspace/8-2-build-macosx-x86_64/jdk8u91/6644/hotspot/src/share/vm/prims/jvm.cpp, line 1386]
Event: 0.692 Thread 0x00007fb4c2002000 Exception <a 'java/util/zip/ZipException'> (0x00000007aac4dcc8) thrown at [/Users/java_re/workspace/8-2-build-macosx-x86_64/jdk8u91/6644/hotspot/src/share/vm/prims/jni.cpp, line 709]
Event: 0.692 Thread 0x00007fb4c2002000 Exception <a 'java/security/PrivilegedActionException'> (0x00000007aac4ded0) thrown at [/Users/java_re/workspace/8-2-build-macosx-x86_64/jdk8u91/6644/hotspot/src/share/vm/prims/jvm.cpp, line 1386]
Event: 0.692 Thread 0x00007fb4c2002000 Exception <a 'java/security/PrivilegedActionException'> (0x00000007aac4e0e0) thrown at [/Users/java_re/workspace/8-2-build-macosx-x86_64/jdk8u91/6644/hotspot/src/share/vm/prims/jvm.cpp, line 1386]
Event: 0.695 Thread 0x00007fb4c2002000 Exception <a 'java/util/zip/ZipException'> (0x00000007aac5fae8) thrown at [/Users/java_re/workspace/8-2-build-macosx-x86_64/jdk8u91/6644/hotspot/src/share/vm/prims/jni.cpp, line 709]
Event: 0.695 Thread 0x00007fb4c2002000 Exception <a 'java/security/PrivilegedActionException'> (0x00000007aac5fcf0) thrown at [/Users/java_re/workspace/8-2-build-macosx-x86_64/jdk8u91/6644/hotspot/src/share/vm/prims/jvm.cpp, line 1386]
Event: 0.695 Thread 0x00007fb4c2002000 Exception <a 'java/security/PrivilegedActionException'> (0x00000007aac5ff00) thrown at [/Users/java_re/workspace/8-2-build-macosx-x86_64/jdk8u91/6644/hotspot/src/share/vm/prims/jvm.cpp, line 1386]
Event: 1.137 Thread 0x00007fb4c2002000 Implicit null exception at 0x000000010544df1c to 0x0000000000000000

Events (10 events):
Event: 1.072 loading class com/android/dx/dex/file/StringIdsSection
Event: 1.072 loading class com/android/dx/dex/file/StringIdsSection done
Event: 1.073 loading class java/util/TreeMap
Event: 1.073 loading class java/util/NavigableMap
Event: 1.073 loading class java/util/SortedMap
Event: 1.074 loading class java/util/SortedMap done
Event: 1.074 loading class java/util/NavigableMap done
Event: 1.074 loading class java/util/TreeMap done
Event: 1.074 loading class com/android/dx/dex/file/TypeIdsSection
Event: 1.074 loading class com/android/dx/dex/file/TypeIdsSection done


Dynamic libraries:
0x000000000a49f000 	/System/Library/Frameworks/Cocoa.framework/Versions/A/Cocoa
0x000000000a49f000 	/System/Library/Frameworks/Security.framework/Versions/A/Security
0x000000000a49f000 	/System/Library/Frameworks/ApplicationServices.framework/Versions/A/ApplicationServices
0x000000000a49f000 	/usr/lib/libz.1.dylib
0x000000000a49f000 	/usr/lib/libSystem.B.dylib
0x000000000a49f000 	/usr/lib/libobjc.A.dylib
0x000000000a49f000 	/System/Library/Frameworks/CoreFoundation.framework/Versions/A/CoreFoundation
0x000000000a49f000 	/System/Library/Frameworks/Foundation.framework/Versions/C/Foundation
0x000000000a49f000 	/System/Library/Frameworks/AppKit.framework/Versions/C/AppKit
0x000000000a49f000 	/System/Library/Frameworks/CoreData.framework/Versions/A/CoreData
0x000000000a49f000 	/System/Library/PrivateFrameworks/RemoteViewServices.framework/Versions/A/RemoteViewServices
0x000000000a49f000 	/System/Library/PrivateFrameworks/UIFoundation.framework/Versions/A/UIFoundation
0x000000000a49f000 	/usr/lib/libScreenReader.dylib
0x000000000a49f000 	/System/Library/Frameworks/Accelerate.framework/Versions/A/Accelerate
0x000000000a49f000 	/System/Library/Frameworks/IOSurface.framework/Versions/A/IOSurface
0x000000000a49f000 	/System/Library/Frameworks/AudioToolbox.framework/Versions/A/AudioToolbox
0x000000000a49f000 	/System/Library/Frameworks/AudioUnit.framework/Versions/A/AudioUnit
0x000000000a49f000 	/System/Library/PrivateFrameworks/DataDetectorsCore.framework/Versions/A/DataDetectorsCore
0x000000000a49f000 	/System/Library/PrivateFrameworks/DesktopServicesPriv.framework/Versions/A/DesktopServicesPriv
0x000000000a49f000 	/System/Library/Frameworks/Carbon.framework/Versions/A/Frameworks/HIToolbox.framework/Versions/A/HIToolbox
0x000000000a49f000 	/System/Library/Frameworks/QuartzCore.framework/Versions/A/QuartzCore
0x000000000a49f000 	/System/Library/Frameworks/Carbon.framework/Versions/A/Frameworks/SpeechRecognition.framework/Versions/A/SpeechRecognition
0x000000000a49f000 	/usr/lib/libauto.dylib
0x000000000a49f000 	/usr/lib/libicucore.A.dylib
0x000000000a49f000 	/usr/lib/libxml2.2.dylib
0x000000000a49f000 	/System/Library/PrivateFrameworks/CoreUI.framework/Versions/A/CoreUI
0x000000000a49f000 	/System/Library/Frameworks/CoreAudio.framework/Versions/A/CoreAudio
0x000000000a49f000 	/System/Library/Frameworks/DiskArbitration.framework/Versions/A/DiskArbitration
0x000000000a49f000 	/usr/lib/liblangid.dylib
0x000000000a49f000 	/System/Library/PrivateFrameworks/MultitouchSupport.framework/Versions/A/MultitouchSupport
0x000000000a49f000 	/System/Library/Frameworks/IOKit.framework/Versions/A/IOKit
0x000000000a49f000 	/usr/lib/libDiagnosticMessagesClient.dylib
0x000000000a49f000 	/System/Library/Frameworks/CoreServices.framework/Versions/A/CoreServices
0x000000000a49f000 	/System/Library/PrivateFrameworks/PerformanceAnalysis.framework/Versions/A/PerformanceAnalysis
0x000000000a49f000 	/System/Library/PrivateFrameworks/GenerationalStorage.framework/Versions/A/GenerationalStorage
0x000000000a49f000 	/System/Library/Frameworks/OpenGL.framework/Versions/A/OpenGL
0x000000000a49f000 	/System/Library/PrivateFrameworks/Sharing.framework/Versions/A/Sharing
0x000000000a49f000 	/System/Library/Frameworks/CoreGraphics.framework/Versions/A/CoreGraphics
0x000000000a49f000 	/System/Library/Frameworks/CoreImage.framework/Versions/A/CoreImage
0x000000000a49f000 	/System/Library/Frameworks/CoreText.framework/Versions/A/CoreText
0x000000000a49f000 	/System/Library/Frameworks/ImageIO.framework/Versions/A/ImageIO
0x000000000a49f000 	/System/Library/PrivateFrameworks/Backup.framework/Versions/A/Backup
0x000000000a49f000 	/usr/lib/libextension.dylib
0x000000000a49f000 	/usr/lib/libarchive.2.dylib
0x000000000a49f000 	/System/Library/Frameworks/CFNetwork.framework/Versions/A/CFNetwork
0x000000000a49f000 	/System/Library/Frameworks/SystemConfiguration.framework/Versions/A/SystemConfiguration
0x000000000a49f000 	/usr/lib/libCRFSuite.dylib
0x000000000a49f000 	/usr/lib/libc++.1.dylib
0x000000000a49f000 	/usr/lib/libc++abi.dylib
0x000000000a49f000 	/usr/lib/system/libcache.dylib
0x000000000a49f000 	/usr/lib/system/libcommonCrypto.dylib
0x000000000a49f000 	/usr/lib/system/libcompiler_rt.dylib
0x000000000a49f000 	/usr/lib/system/libcopyfile.dylib
0x000000000a49f000 	/usr/lib/system/libcorecrypto.dylib
0x000000000a49f000 	/usr/lib/system/libdispatch.dylib
0x000000000a49f000 	/usr/lib/system/libdyld.dylib
0x000000000a49f000 	/usr/lib/system/libkeymgr.dylib
0x000000000a49f000 	/usr/lib/system/liblaunch.dylib
0x000000000a49f000 	/usr/lib/system/libmacho.dylib
0x000000000a49f000 	/usr/lib/system/libquarantine.dylib
0x000000000a49f000 	/usr/lib/system/libremovefile.dylib
0x000000000a49f000 	/usr/lib/system/libsystem_asl.dylib
0x000000000a49f000 	/usr/lib/system/libsystem_blocks.dylib
0x000000000a49f000 	/usr/lib/system/libsystem_c.dylib
0x000000000a49f000 	/usr/lib/system/libsystem_configuration.dylib
0x000000000a49f000 	/usr/lib/system/libsystem_coreservices.dylib
0x000000000a49f000 	/usr/lib/system/libsystem_coretls.dylib
0x000000000a49f000 	/usr/lib/system/libsystem_dnssd.dylib
0x000000000a49f000 	/usr/lib/system/libsystem_info.dylib
0x000000000a49f000 	/usr/lib/system/libsystem_kernel.dylib
0x000000000a49f000 	/usr/lib/system/libsystem_m.dylib
0x000000000a49f000 	/usr/lib/system/libsystem_malloc.dylib
0x000000000a49f000 	/usr/lib/system/libsystem_network.dylib
0x000000000a49f000 	/usr/lib/system/libsystem_networkextension.dylib
0x000000000a49f000 	/usr/lib/system/libsystem_notify.dylib
0x000000000a49f000 	/usr/lib/system/libsystem_platform.dylib
0x000000000a49f000 	/usr/lib/system/libsystem_pthread.dylib
0x000000000a49f000 	/usr/lib/system/libsystem_sandbox.dylib
0x000000000a49f000 	/usr/lib/system/libsystem_secinit.dylib
0x000000000a49f000 	/usr/lib/system/libsystem_trace.dylib
0x000000000a49f000 	/usr/lib/system/libunc.dylib
0x000000000a49f000 	/usr/lib/system/libunwind.dylib
0x000000000a49f000 	/usr/lib/system/libxpc.dylib
0x000000000a49f000 	/usr/lib/libenergytrace.dylib
0x000000000a49f000 	/usr/lib/libbsm.0.dylib
0x000000000a49f000 	/usr/lib/system/libkxld.dylib
0x000000000a49f000 	/usr/lib/libxar.1.dylib
0x000000000a49f000 	/usr/lib/libsqlite3.dylib
0x000000000a49f000 	/usr/lib/libpam.2.dylib
0x000000000a49f000 	/usr/lib/libOpenScriptingUtil.dylib
0x000000000a49f000 	/usr/lib/libbz2.1.0.dylib
0x000000000a49f000 	/usr/lib/liblzma.5.dylib
0x000000000a49f000 	/System/Library/Frameworks/CoreServices.framework/Versions/A/Frameworks/FSEvents.framework/Versions/A/FSEvents
0x000000000a49f000 	/System/Library/Frameworks/CoreServices.framework/Versions/A/Frameworks/CarbonCore.framework/Versions/A/CarbonCore
0x000000000a49f000 	/System/Library/Frameworks/CoreServices.framework/Versions/A/Frameworks/Metadata.framework/Versions/A/Metadata
0x000000000a49f000 	/System/Library/Frameworks/CoreServices.framework/Versions/A/Frameworks/OSServices.framework/Versions/A/OSServices
0x000000000a49f000 	/System/Library/Frameworks/CoreServices.framework/Versions/A/Frameworks/SearchKit.framework/Versions/A/SearchKit
0x000000000a49f000 	/System/Library/Frameworks/CoreServices.framework/Versions/A/Frameworks/AE.framework/Versions/A/AE
0x000000000a49f000 	/System/Library/Frameworks/CoreServices.framework/Versions/A/Frameworks/LaunchServices.framework/Versions/A/LaunchServices
0x000000000a49f000 	/System/Library/Frameworks/CoreServices.framework/Versions/A/Frameworks/DictionaryServices.framework/Versions/A/DictionaryServices
0x000000000a49f000 	/System/Library/Frameworks/CoreServices.framework/Versions/A/Frameworks/SharedFileList.framework/Versions/A/SharedFileList
0x000000000a49f000 	/System/Library/Frameworks/NetFS.framework/Versions/A/NetFS
0x000000000a49f000 	/System/Library/PrivateFrameworks/NetAuth.framework/Versions/A/NetAuth
0x000000000a49f000 	/System/Library/PrivateFrameworks/login.framework/Versions/A/Frameworks/loginsupport.framework/Versions/A/loginsupport
0x000000000a49f000 	/System/Library/PrivateFrameworks/TCC.framework/Versions/A/TCC
0x000000000a49f000 	/usr/lib/libmecabra.dylib
0x000000000a49f000 	/System/Library/Frameworks/ApplicationServices.framework/Versions/A/Frameworks/ATS.framework/Versions/A/ATS
0x000000000a49f000 	/System/Library/Frameworks/ApplicationServices.framework/Versions/A/Frameworks/ColorSync.framework/Versions/A/ColorSync
0x000000000a49f000 	/System/Library/Frameworks/ApplicationServices.framework/Versions/A/Frameworks/HIServices.framework/Versions/A/HIServices
0x000000000a49f000 	/System/Library/Frameworks/ApplicationServices.framework/Versions/A/Frameworks/LangAnalysis.framework/Versions/A/LangAnalysis
0x000000000a49f000 	/System/Library/Frameworks/ApplicationServices.framework/Versions/A/Frameworks/PrintCore.framework/Versions/A/PrintCore
0x000000000a49f000 	/System/Library/Frameworks/ApplicationServices.framework/Versions/A/Frameworks/QD.framework/Versions/A/QD
0x000000000a49f000 	/System/Library/Frameworks/ApplicationServices.framework/Versions/A/Frameworks/SpeechSynthesis.framework/Versions/A/SpeechSynthesis
0x000000000a49f000 	/System/Library/Frameworks/Metal.framework/Versions/A/Metal
0x000000000a49f000 	/System/Library/Frameworks/Accelerate.framework/Versions/A/Frameworks/vImage.framework/Versions/A/vImage
0x000000000a49f000 	/System/Library/Frameworks/Accelerate.framework/Versions/A/Frameworks/vecLib.framework/Versions/A/vecLib
0x000000000a49f000 	/System/Library/Frameworks/Accelerate.framework/Versions/A/Frameworks/vecLib.framework/Versions/A/libvDSP.dylib
0x000000000a49f000 	/System/Library/Frameworks/Accelerate.framework/Versions/A/Frameworks/vecLib.framework/Versions/A/libvMisc.dylib
0x000000000a49f000 	/System/Library/Frameworks/Accelerate.framework/Versions/A/Frameworks/vecLib.framework/Versions/A/libLAPACK.dylib
0x000000000a49f000 	/System/Library/Frameworks/Accelerate.framework/Versions/A/Frameworks/vecLib.framework/Versions/A/libBLAS.dylib
0x000000000a49f000 	/System/Library/Frameworks/Accelerate.framework/Versions/A/Frameworks/vecLib.framework/Versions/A/libLinearAlgebra.dylib
0x000000000a49f000 	/System/Library/Frameworks/Accelerate.framework/Versions/A/Frameworks/vecLib.framework/Versions/A/libSparseBLAS.dylib
0x000000000a49f000 	/System/Library/PrivateFrameworks/GPUCompiler.framework/libmetal_timestamp.dylib
0x000000000a49f000 	/System/Library/Frameworks/OpenGL.framework/Versions/A/Libraries/libCoreFSCache.dylib
0x000000000a49f000 	/System/Library/PrivateFrameworks/IOAccelerator.framework/Versions/A/IOAccelerator
0x000000000a49f000 	/System/Library/Frameworks/ApplicationServices.framework/Versions/A/Frameworks/ATS.framework/Versions/A/Resources/libFontParser.dylib
0x000000000a49f000 	/System/Library/Frameworks/ApplicationServices.framework/Versions/A/Frameworks/ATS.framework/Versions/A/Resources/libFontRegistry.dylib
0x000000000a49f000 	/System/Library/PrivateFrameworks/AppleVPA.framework/Versions/A/AppleVPA
0x000000000a49f000 	/System/Library/PrivateFrameworks/AppleJPEG.framework/Versions/A/AppleJPEG
0x000000000a49f000 	/System/Library/Frameworks/ImageIO.framework/Versions/A/Resources/libJPEG.dylib
0x000000000a49f000 	/System/Library/Frameworks/ImageIO.framework/Versions/A/Resources/libTIFF.dylib
0x000000000a49f000 	/System/Library/Frameworks/ImageIO.framework/Versions/A/Resources/libPng.dylib
0x000000000a49f000 	/System/Library/Frameworks/ImageIO.framework/Versions/A/Resources/libGIF.dylib
0x000000000a49f000 	/System/Library/Frameworks/ImageIO.framework/Versions/A/Resources/libJP2.dylib
0x000000000a49f000 	/System/Library/Frameworks/ImageIO.framework/Versions/A/Resources/libRadiance.dylib
0x000000000a49f000 	/System/Library/Frameworks/CoreVideo.framework/Versions/A/CoreVideo
0x000000000a49f000 	/System/Library/Frameworks/OpenGL.framework/Versions/A/Libraries/libGLU.dylib
0x000000000a49f000 	/System/Library/Frameworks/OpenGL.framework/Versions/A/Libraries/libGFXShared.dylib
0x000000000a49f000 	/System/Library/Frameworks/OpenGL.framework/Versions/A/Libraries/libGL.dylib
0x000000000a49f000 	/System/Library/Frameworks/OpenGL.framework/Versions/A/Libraries/libGLImage.dylib
0x000000000a49f000 	/System/Library/Frameworks/OpenGL.framework/Versions/A/Libraries/libCVMSPluginSupport.dylib
0x000000000a49f000 	/System/Library/Frameworks/OpenGL.framework/Versions/A/Libraries/libCoreVMClient.dylib
0x000000000a49f000 	/usr/lib/libcups.2.dylib
0x000000000a49f000 	/System/Library/Frameworks/Kerberos.framework/Versions/A/Kerberos
0x000000000a49f000 	/System/Library/Frameworks/GSS.framework/Versions/A/GSS
0x000000000a49f000 	/usr/lib/libresolv.9.dylib
0x000000000a49f000 	/usr/lib/libiconv.2.dylib
0x000000000a49f000 	/System/Library/PrivateFrameworks/Heimdal.framework/Versions/A/Heimdal
0x000000000a49f000 	/usr/lib/libheimdal-asn1.dylib
0x000000000a49f000 	/System/Library/Frameworks/OpenDirectory.framework/Versions/A/OpenDirectory
0x000000000a49f000 	/System/Library/PrivateFrameworks/CommonAuth.framework/Versions/A/CommonAuth
0x000000000a49f000 	/System/Library/Frameworks/OpenDirectory.framework/Versions/A/Frameworks/CFOpenDirectory.framework/Versions/A/CFOpenDirectory
0x000000000a49f000 	/System/Library/Frameworks/SecurityFoundation.framework/Versions/A/SecurityFoundation
0x000000000a49f000 	/System/Library/PrivateFrameworks/LanguageModeling.framework/Versions/A/LanguageModeling
0x000000000a49f000 	/usr/lib/libmarisa.dylib
0x000000000a49f000 	/usr/lib/libChineseTokenizer.dylib
0x000000000a49f000 	/usr/lib/libcmph.dylib
0x000000000a49f000 	/usr/lib/libcompression.dylib
0x000000000a49f000 	/System/Library/Frameworks/ServiceManagement.framework/Versions/A/ServiceManagement
0x000000000a49f000 	/usr/lib/libxslt.1.dylib
0x000000000a49f000 	/System/Library/Frameworks/Carbon.framework/Versions/A/Frameworks/Ink.framework/Versions/A/Ink
0x000000000a49f000 	/usr/lib/libFosl_dynamic.dylib
0x000000000a49f000 	/System/Library/PrivateFrameworks/FaceCore.framework/Versions/A/FaceCore
0x000000000a49f000 	/System/Library/Frameworks/OpenCL.framework/Versions/A/OpenCL
0x000000000a49f000 	/System/Library/PrivateFrameworks/CrashReporterSupport.framework/Versions/A/CrashReporterSupport
0x000000000a49f000 	/System/Library/PrivateFrameworks/IconServices.framework/Versions/A/IconServices
0x000000000a49f000 	/System/Library/PrivateFrameworks/Apple80211.framework/Versions/A/Apple80211
0x000000000a49f000 	/System/Library/Frameworks/CoreWLAN.framework/Versions/A/CoreWLAN
0x000000000a49f000 	/System/Library/Frameworks/IOBluetooth.framework/Versions/A/IOBluetooth
0x000000000a49f000 	/System/Library/PrivateFrameworks/CoreWiFi.framework/Versions/A/CoreWiFi
0x000000000a49f000 	/System/Library/Frameworks/CoreBluetooth.framework/Versions/A/CoreBluetooth
0x000000000a49f000 	/System/Library/PrivateFrameworks/ChunkingLibrary.framework/Versions/A/ChunkingLibrary
0x000000000a49f000 	/System/Library/PrivateFrameworks/DebugSymbols.framework/Versions/A/DebugSymbols
0x000000000a49f000 	/System/Library/PrivateFrameworks/CoreSymbolication.framework/Versions/A/CoreSymbolication
0x000000000a49f000 	/System/Library/PrivateFrameworks/Symbolication.framework/Versions/A/Symbolication
0x000000000a49f000 	/System/Library/PrivateFrameworks/SpeechRecognitionCore.framework/Versions/A/SpeechRecognitionCore
0x00000001042eb000 	/System/Library/CoreServices/Encodings/libSimplifiedChineseConverter.dylib
0x000000010432f000 	/Library/Java/JavaVirtualMachines/jdk1.8.0_91.jdk/Contents/Home/jre/lib/server/libjvm.dylib
0x000000000a49f000 	/usr/lib/libstdc++.6.dylib
0x00000001052c3000 	/Library/Java/JavaVirtualMachines/jdk1.8.0_91.jdk/Contents/Home/jre/lib/libverify.dylib
0x00000001052d1000 	/Library/Java/JavaVirtualMachines/jdk1.8.0_91.jdk/Contents/Home/jre/lib/libjava.dylib
0x0000000105310000 	/Library/Java/JavaVirtualMachines/jdk1.8.0_91.jdk/Contents/Home/jre/lib/libzip.dylib
0x0000000118f2c000 	/System/Library/Frameworks/JavaVM.framework/Frameworks/JavaRuntimeSupport.framework/JavaRuntimeSupport
0x00000001147eb000 	/System/Library/Frameworks/JavaVM.framework/Versions/A/Frameworks/JavaNativeFoundation.framework/Versions/A/JavaNativeFoundation
0x0000000118f47000 	/System/Library/Frameworks/JavaVM.framework/Versions/A/JavaVM
0x000000000a49f000 	/System/Library/Frameworks/Carbon.framework/Versions/A/Carbon
0x0000000118f54000 	/System/Library/PrivateFrameworks/JavaLaunching.framework/Versions/A/JavaLaunching
0x000000000a49f000 	/System/Library/Frameworks/Carbon.framework/Versions/A/Frameworks/CommonPanels.framework/Versions/A/CommonPanels
0x000000000a49f000 	/System/Library/Frameworks/Carbon.framework/Versions/A/Frameworks/Help.framework/Versions/A/Help
0x000000000a49f000 	/System/Library/Frameworks/Carbon.framework/Versions/A/Frameworks/ImageCapture.framework/Versions/A/ImageCapture
0x000000000a49f000 	/System/Library/Frameworks/Carbon.framework/Versions/A/Frameworks/OpenScripting.framework/Versions/A/OpenScripting
0x000000000a49f000 	/System/Library/Frameworks/Carbon.framework/Versions/A/Frameworks/Print.framework/Versions/A/Print
0x000000000a49f000 	/System/Library/Frameworks/Carbon.framework/Versions/A/Frameworks/SecurityHI.framework/Versions/A/SecurityHI

VM Arguments:
jvm_args: -Djava.awt.headless=true -Xmx1024M -Dfile.encoding=UTF-8 -Duser.country=CN -Duser.language=zh -Duser.variant 
java_command: com.android.dx.command.Main --dex --force-jumbo --num-threads=4 --multi-dex --output /Users/lanouhn/Desktop/androidhighday/SingOriginal/app/build/intermediates/transforms/dex/debug/folders/1000/10/de.hdodenhof-circleimageview-2.1.0_e612238009675a0107c0001d1d340005ccbf769c /Users/lanouhn/Desktop/androidhighday/SingOriginal/app/build/intermediates/exploded-aar/de.hdodenhof/circleimageview/2.1.0/jars/classes.jar
java_class_path (initial): /Users/lanouhn/Library/Android/sdk/build-tools/24.0.0/lib/dx.jar
Launcher Type: SUN_STANDARD

Environment Variables:
PATH=/usr/bin:/bin:/usr/sbin:/sbin
SHELL=/bin/bash

Signal Handlers:
SIGSEGV: [libjvm.dylib+0x5a97a1], sa_mask[0]=11111111011111110111111111111111, sa_flags=SA_ONSTACK|SA_RESTART|SA_SIGINFO
SIGBUS: [libjvm.dylib+0x5a97a1], sa_mask[0]=11111111011111110111111111111111, sa_flags=SA_RESTART|SA_SIGINFO
SIGFPE: [libjvm.dylib+0x482594], sa_mask[0]=11111111011111110111111111111111, sa_flags=SA_RESTART|SA_SIGINFO
SIGPIPE: [libjvm.dylib+0x482594], sa_mask[0]=11111111011111110111111111111111, sa_flags=SA_RESTART|SA_SIGINFO
SIGXFSZ: [libjvm.dylib+0x482594], sa_mask[0]=11111111011111110111111111111111, sa_flags=SA_RESTART|SA_SIGINFO
SIGILL: [libjvm.dylib+0x482594], sa_mask[0]=11111111011111110111111111111111, sa_flags=SA_RESTART|SA_SIGINFO
SIGUSR1: SIG_DFL, sa_mask[0]=00000000000000000000000000000000, sa_flags=none
SIGUSR2: [libjvm.dylib+0x4820b2], sa_mask[0]=00100000000000000000000000000000, sa_flags=SA_RESTART|SA_SIGINFO
SIGHUP: [libjvm.dylib+0x480689], sa_mask[0]=11111111011111110111111111111111, sa_flags=SA_RESTART|SA_SIGINFO
SIGINT: [libjvm.dylib+0x480689], sa_mask[0]=11111111011111110111111111111111, sa_flags=SA_RESTART|SA_SIGINFO
SIGTERM: [libjvm.dylib+0x480689], sa_mask[0]=11111111011111110111111111111111, sa_flags=SA_RESTART|SA_SIGINFO
SIGQUIT: [libjvm.dylib+0x480689], sa_mask[0]=11111111011111110111111111111111, sa_flags=SA_RESTART|SA_SIGINFO


---------------  S Y S T E M  ---------------

OS:Bsduname:Darwin 15.4.0 Darwin Kernel Version 15.4.0: Fri Feb 26 22:08:05 PST 2016; root:xnu-3248.40.184~3/RELEASE_X86_64 x86_64
rlimit: STACK 8192k, CORE 0k, NPROC 709, NOFILE 10240, AS infinity
load average:21.72 7.45 3.77

CPU:total 4 (2 cores per cpu, 2 threads per core) family 6 model 58 stepping 9, cmov, cx8, fxsr, mmx, sse, sse2, sse3, ssse3, sse4.1, sse4.2, popcnt, avx, aes, clmul, erms, ht, tsc, tscinvbit, tscinv

Memory: 4k page, physical 8388608k(283220k free)

/proc/meminfo:


vm_info: Java HotSpot(TM) 64-Bit Server VM (25.91-b14) for bsd-amd64 JRE (1.8.0_91-b14), built on Apr  1 2016 01:03:00 by "java_re" with gcc 4.2.1 (Based on Apple Inc. build 5658) (LLVM build 2336.11.00)

time: Thu Jul 28 09:10:58 2016
elapsed time: 1 seconds (0d 0h 0m 1s)

